0.0000000000 100.0000000000 100.0000000000 100.0000000000 100.0000000000 100.0000000000 
0.1000000000 99.9791963002 99.9791963002 99.9791963002 99.9810970923 99.9813140072 
0.2000000000 99.9586405959 99.9586405959 99.9586405959 99.9615872297 99.9624909826 
0.3000000000 99.9383108784 99.9383108784 99.9383108784 99.9414942325 99.9435731323 
0.4000000000 99.9180779890 99.9180779890 99.9180779890 99.9212613431 99.9245046899 
0.5000000000 99.8978806368 99.8978806368 99.8978806368 99.9010639910 99.9052940985 
0.6000000000 99.8777049556 99.8777049556 99.8777049556 99.8808883097 99.8859968236 
0.7000000000 99.8575366944 99.8575366944 99.8575366944 99.8607200486 99.8666698682 
0.8000000000 99.8373614695 99.8373614695 99.8373614695 99.8405448236 99.8473707680 
0.9000000000 99.8171650218 99.8171650218 99.8171650218 99.8203483760 99.8281565586 
1.0000000000 99.7969334692 99.7969334692 99.7969334692 99.8001168233 99.8090827692 
1.1000000000 99.7766535376 99.7766535376 99.7766535376 99.7798368918 99.7902024953 
1.2000000000 99.7563127626 99.7563127626 99.7563127626 99.7594961167 99.7715655956 
1.3000000000 99.7358996513 99.7358996513 99.7358996513 99.7390830054 99.7532180408 
1.4000000000 99.7154038034 99.7154038034 99.7154038034 99.7185871575 99.7352014324 
1.5000000000 99.6948159888 99.6948159888 99.6948159888 99.6979993430 99.7175526905 
1.6000000000 99.6741123920 99.6741123920 99.6741885445 99.6772957461 99.7002909254 
1.7000000000 99.6531207195 99.6531207195 99.6541441453 99.6563040736 99.6833103421 
1.8000000000 99.6318115309 99.6318115309 99.6347580933 99.6349948851 99.6666239598 
1.9000000000 99.6101798695 99.6101798695 99.6160166021 99.6133632236 99.6502604354 
2.0000000000 99.5882221602 99.5882221602 99.5979055115 99.5914055143 99.6342446539 
2.1000000000 99.5661909499 99.5658627726 99.5803534222 99.5690461268 99.6185467285 
2.2000000000 99.5446259120 99.5429400573 99.5632309459 99.5461234115 99.6030796733 
2.3000000000 99.5235374065 99.5194897786 99.5465175954 99.5226054011 99.5878498184 
2.4000000000 99.5027472296 99.4961390410 99.5300757661 99.4982847182 99.5727532452 
2.5000000000 99.4822060444 99.4730646006 99.5138695923 99.4730842276 99.5577755352 
2.6000000000 99.4619103848 99.4502806978 99.4978989401 99.4469768004 99.5429331770 
2.7000000000 99.4418579611 99.4278000941 99.4821640476 99.4199363939 99.5282415033 
2.8000000000 99.4220031237 99.4055846647 99.4666307793 99.3920992485 99.5136821837 
2.9000000000 99.4021665541 99.3834453665 99.4511606208 99.3640902823 99.4991371763 
3.0000000000 99.3823209519 99.3613623639 99.4357342288 99.3359838109 99.4845986445 
3.1000000000 99.3624542481 99.3393317920 99.4203440204 99.3078010387 99.4700689008 
3.2000000000 99.3425555501 99.3173501795 99.4049831830 99.2795608776 99.4555502099 
3.3000000000 99.3226149964 99.2954144216 99.3896455794 99.2512802283 99.4410447744 
3.4000000000 99.3026236301 99.2735217503 99.3743256642 99.2229742318 99.4265547235 
3.5000000000 99.2825732894 99.2516697043 99.3590184110 99.1946564912 99.4120821042 
3.6000000000 99.2624565125 99.2298560995 99.3437192483 99.1663392658 99.3976288739 
3.7000000000 99.2422664558 99.2080790023 99.3284240051 99.1380336401 99.3831968967 
3.8000000000 99.2219968231 99.1863367044 99.3131288625 99.1097496696 99.3687879404 
3.9000000000 99.2016418045 99.1646276995 99.2978303130 99.0814965076 99.3544036754 
4.0000000000 99.1811960236 99.1429506636 99.2825251244 99.0532825138 99.3400456746 
4.1000000000 99.1606544914 99.1213044358 99.2672103089 99.0251153488 99.3257154150 
4.2000000000 99.1400125673 99.0996880026 99.2518830958 98.9970020550 99.3114142793 
4.3000000000 99.1192659238 99.0781004826 99.2365409086 98.9689491266 99.2971435584 
4.4000000000 99.0984105172 99.0565411141 99.2211813442 98.9409625705 99.2829044541 
4.5000000000 99.0774425613 99.0350092430 99.2058021552 98.9130479580 99.2686980826 
4.6000000000 99.0563585041 99.0135043130 99.1904012343 98.8852104710 99.2545254777 
4.7000000000 99.0351550087 98.9920258557 99.1749766008 98.8574549407 99.2403875941 
4.8000000000 99.0138289351 98.9705734830 99.1595263883 98.8297858824 99.2262853112 
4.9000000000 98.9923773253 98.9491468797 99.1440488341 98.8022075248 99.2122194362 
5.0000000000 98.9707973894 98.9277457963 99.1285422703 98.7747238363 99.1981907077 
5.1000000000 98.9490864940 98.9063700438 99.1130051151 98.7473385480 99.1841997990 
5.2000000000 98.9272421517 98.8850194881 99.0974358655 98.7200551731 99.1702473215 
5.3000000000 98.9052620118 98.8636940451 99.0818330911 98.6928770247 99.1563338274 
5.4000000000 98.8831438518 98.8423936762 99.0661954281 98.6658072311 99.1424598129 
5.5000000000 98.8609709151 98.8211996654 99.0505815567 98.6389515925 99.1286247247 
5.6000000000 98.8395403662 98.8008689699 99.0355502783 98.6132684609 99.1286247247 
5.7000000000 98.8188949922 98.7814313174 99.0211268280 98.5887912552 99.1286247247 
5.8000000000 98.7989973599 98.7628401990 99.0072801937 98.5654567077 99.1286247247 
5.9000000000 98.7798119116 98.7450515992 98.9937120489 98.5432048045 99.1286247247 
6.0000000000 98.7613048671 98.7280238650 98.9937120489 98.5219786433 99.1286247247 
6.1000000000 98.7434441287 98.7117175808 98.9937120489 98.5017242937 99.1286247247 
6.2000000000 98.7261991932 98.6960954488 98.9937120489 98.4823906590 99.1286247247 
6.3000000000 98.7095410674 98.6811221753 98.9937120489 98.4639293417 99.1286247247 
6.4000000000 98.6934421880 98.6667643628 98.9937120489 98.4462945129 99.1286247247 
6.5000000000 98.6778763465 98.6529434321 98.9937120489 98.4294427850 99.1286247247 
6.6000000000 98.6628186174 98.6529434321 98.9937120489 98.4133330895 99.1286247247 
6.7000000000 98.6482452903 98.6529434321 98.9937120489 98.3979265589 99.1286247247 
6.8000000000 98.6341338057 98.6529434321 98.9937120489 98.3831864131 99.1286247247 
6.9000000000 98.6204269990 98.6529434321 98.9937120489 98.3690778506 99.1286247247 
7.0000000000 98.6204269990 98.6529434321 98.9937120489 98.3552739532 99.1286247247 
