0 400 400 400 160 
0.1 399.899 400 400 160 
0.2 399.798 400 400 160 
0.3 399.697 400 400 160 
0.4 399.595 400 400 160 
0.5 399.493 400 400 160 
0.6 399.39 400 400 160 
0.7 399.287 400 400 160 
0.8 399.183 400 400 160 
0.9 399.079 400 400 160 
1 398.974 400 400 160 
1.1 398.869 400 400 160 
1.2 398.763 400 400 160 
1.3 398.657 400 400 160 
1.4 398.55 400 400 160 
1.5 398.443 400 400 160 
1.6 398.335 400 400 160 
1.7 398.227 400 400 160 
1.8 398.118 400 400 160 
1.9 398.009 400 400 160 
2 397.899 400 400 160 
2.1 397.788 400 400 160 
2.2 397.677 400 400 160 
2.3 397.565 400 400 160 
2.4 397.452 400 400 160 
2.5 397.339 400 400 160 
2.6 397.226 400 400 160 
2.7 397.111 400 400 160 
2.8 396.996 400 400 160 
2.9 396.881 400 400 160 
3 396.765 400 400 160 
3.1 396.648 400 400 160 
3.2 396.53 400 400 160 
3.3 396.412 400 400 160 
3.4 396.294 400 400 160 
3.5 396.174 400 400 160 
3.6 396.054 400 400 160 
3.7 395.934 400 400 160 
3.8 395.813 400 400 160 
3.9 395.691 400 400 160 
4 395.568 400 400 160 
4.1 395.446 400 400 160 
4.2 395.322 400 400 160 
4.3 395.198 400 400 160 
4.4 395.073 400 400 160 
4.5 394.948 400 400 160 
4.6 394.822 400 400 160 
4.7 394.696 400 400 160 
4.8 394.569 400 400 160 
4.9 394.441 400 400 160 
5 394.313 400 400 160 
5.1 394.185 400 400 160 
5.2 394.056 400 400 160 
5.3 393.926 400 400 160 
5.4 393.796 400 400 160 
5.5 393.666 400 400 160 
5.6 393.535 400 400 160 
5.7 393.404 400 400 160 
5.8 393.272 400 400 160 
5.9 393.14 400 400 160 
6 393.007 400 400 160 
6.1 392.874 400 400 160 
6.2 392.741 400 400 160 
6.3 392.608 400 400 160 
6.4 392.474 400 400 160 
6.5 392.339 400 400 160 
6.6 392.205 400 400 160 
6.7 392.07 400 400 160 
6.8 391.935 400 400 160 
6.9 391.8 400 400 160 
7 391.664 400 400 160 
7.1 391.529 400 400 160 
7.2 391.393 400 400 160 
7.3 391.257 400 400 160 
7.4 391.121 400 400 160 
7.5 390.985 400 400 160 
7.6 390.848 400 400 160 
7.7 390.712 400 400 160 
7.8 390.575 400 400 160 
7.9 390.439 400 400 160 
8 390.302 400 400 160 
8.1 390.166 400 400 160 
8.2 390.029 400 400 160 
8.3 389.893 400 400 160 
8.4 389.756 400 400 160 
8.5 389.619 400 400 160 
8.6 389.482 400 400 160 
8.7 389.345 400 400 160 
8.8 389.208 400 400 160 
8.9 389.07 400 400 160 
9 388.933 400 400 160 
9.1 388.795 400 400 160 
9.2 388.657 400 400 160 
9.3 388.519 400 400 160 
9.4 388.38 400 400 160 
9.5 388.241 400 400 160 
9.6 388.102 400 400 160 
9.7 387.963 400 400 160 
9.8 387.823 400 400 160 
9.9 387.683 400 400 160 
10 387.542 400 400 160 
10.1 387.401 400 400 160 
10.2 387.26 400 400 160 
10.3 387.118 400 400 160 
10.4 386.976 400 400 160 
10.5 386.833 400 400 160 
10.6 386.69 400 400 160 
10.7 386.546 400 400 160 
10.8 386.402 400 400 160 
10.9 386.257 400 400 160 
11 386.112 400 400 160 
11.1 385.966 400 400 160 
11.2 385.82 400 400 160 
11.3 385.673 400 400 160 
11.4 385.526 400 400 160 
11.5 385.377 400 400 160 
11.6 385.228 400 400 160 
11.7 385.079 400 400 160 
11.8 384.929 400 400 160 
11.9 384.778 400 400 160 
12 384.626 400 400 160 
12.1 384.474 400 400 160 
12.2 384.321 400 400 160 
12.3 384.167 400 400 160 
12.4 384.013 400 400 160 
12.5 383.857 400 400 160 
12.6 383.701 400 400 160 
12.7 383.544 400 400 160 
12.8 383.387 400 400 160 
12.9 383.228 400 400 160 
13 383.069 400 400 160 
13.1 382.909 400 400 160 
13.2 382.747 400 400 160 
13.3 382.586 400 400 160 
13.4 382.423 400 400 160 
13.5 382.259 400 400 160 
13.6 382.094 400 400 160 
13.7 381.929 400 400 160 
13.8 381.763 400 400 160 
13.9 381.595 400 400 160 
14 381.427 400 400 160 
14.1 381.258 400 400 160 
14.2 381.088 400 400 160 
14.3 380.917 400 400 160 
14.4 380.746 400 400 160 
14.5 380.573 400 400 160 
14.6 380.4 400 400 160 
14.7 380.225 400 400 160 
14.8 380.05 400 400 160 
14.9 379.874 400 400 160 
15 379.697 400 400 160 
15.1 379.519 400 400 160 
15.2 379.341 400 400 160 
15.3 379.162 400 400 160 
15.4 378.981 400 400 160 
15.5 378.801 400 399.95 160 
15.6 378.619 400 399.889 160 
15.7 378.436 400 399.829 160 
15.8 378.253 400 399.768 160 
15.9 378.069 400 399.707 160 
16 377.885 400 399.646 160 
16.1 377.7 400 399.584 160 
16.2 377.514 400 399.522 160 
16.3 377.327 400 399.46 160 
16.4 377.14 400 399.398 160 
16.5 376.952 400 399.336 160 
16.6 376.764 400 399.273 160 
16.7 376.575 400 399.21 160 
16.8 376.385 400 399.147 160 
16.9 376.195 400 399.083 160 
17 376.004 400 399.019 160 
17.1 375.813 400 398.955 160 
17.2 375.622 400 398.89 160 
17.3 375.43 400 398.826 160 
17.4 375.238 400 398.761 160 
17.5 375.045 400 398.695 160 
17.6 374.852 400 398.629 160 
17.7 374.659 400 398.563 160 
17.8 374.465 400 398.497 160 
17.9 374.271 400 398.43 160 
18 374.077 400 398.363 160 
18.1 373.883 400 398.295 160 
18.2 373.689 400 398.227 160 
18.3 373.494 400 398.159 160 
18.4 373.299 400 398.091 160 
18.5 373.104 400 398.022 160 
18.6 372.91 400 397.952 160 
18.7 372.715 400 397.883 160 
18.8 372.52 400 397.812 160 
18.9 372.325 400 397.742 160 
19 372.13 400 397.671 160 
19.1 371.936 400 397.6 160 
19.2 371.741 400 397.528 160 
19.3 371.547 400 397.456 160 
19.4 371.352 400 397.384 160 
19.5 371.158 400 397.311 160 
19.6 370.964 400 397.237 160 
19.7 370.771 400 397.164 160 
19.8 370.577 400 397.09 160 
19.9 370.383 400 397.015 160 
20 370.19 400 396.94 160 
20.1 369.996 400 396.865 160 
20.2 369.802 400 396.789 160 
20.3 369.608 400 396.713 160 
20.4 369.415 400 396.637 160 
20.5 369.221 400 396.56 160 
20.6 369.027 400 396.482 160 
20.7 368.833 400 396.405 160 
20.8 368.638 400 396.326 160 
20.9 368.444 400 396.248 160 
21 368.249 400 396.169 160 
21.1 368.054 400 396.089 160 
21.2 367.858 400 396.01 160 
21.3 367.663 400 395.929 160 
21.4 367.467 400 395.849 160 
21.5 367.27 400 395.768 160 
21.6 367.074 400 395.687 160 
21.7 366.876 400 395.605 160 
21.8 366.679 400 395.523 160 
21.9 366.481 400 395.44 160 
22 366.282 400 395.358 160 
22.1 366.083 400 395.274 160 
22.2 365.884 400 395.191 160 
22.3 365.683 400 395.107 160 
22.4 365.483 400 395.023 160 
22.5 365.281 400 394.938 160 
22.6 365.079 400 394.854 160 
22.7 364.877 400 394.768 160 
22.8 364.673 400 394.683 160 
22.9 364.469 400 394.597 160 
23 364.264 400 394.511 160 
23.1 364.059 400 394.425 160 
23.2 363.853 400 394.338 160 
23.3 363.645 400 394.252 160 
23.4 363.438 400 394.164 160 
23.5 363.229 400 394.077 160 
23.6 363.019 400 393.99 160 
23.7 362.808 400 393.902 160 
23.8 362.597 400 393.814 160 
23.9 362.385 400 393.726 160 
24 362.171 400 393.638 160 
24.1 361.957 400 393.549 160 
24.2 361.741 400 393.461 160 
24.3 361.525 400 393.372 160 
24.4 361.308 400 393.283 160 
24.5 361.089 400 393.194 160 
24.6 360.869 400 393.105 160 
24.7 360.649 400 393.016 160 
24.8 360.427 400 392.926 160 
24.9 360.204 400 392.837 160 
25 359.98 400 392.748 160 
25.1 359.755 400 392.658 160 
25.2 359.528 400 392.569 160 
25.3 359.301 400 392.479 160 
25.4 359.072 400 392.39 160 
25.5 358.842 400 392.301 160 
25.6 358.61 400 392.211 160 
25.7 358.378 400 392.122 160 
25.8 358.144 400 392.032 160 
25.9 357.909 400 391.943 160 
26 357.673 400 391.853 160 
26.1 357.436 400 391.763 160 
26.2 357.197 400 391.673 160 
26.3 356.958 400 391.583 160 
26.4 356.717 400 391.493 160 
26.5 356.475 400 391.403 160 
26.6 356.232 400 391.313 160 
26.7 355.988 400 391.222 160 
26.8 355.743 400 391.132 160 
26.9 355.497 400 391.041 160 
27 355.249 400 390.95 160 
27.1 355.001 400 390.859 160 
27.2 354.752 400 390.768 160 
27.3 354.501 400 390.676 160 
27.4 354.25 400 390.584 160 
27.5 353.998 400 390.492 160 
27.6 353.745 400 390.4 160 
27.7 353.491 400 390.307 160 
27.8 353.236 400 390.214 160 
27.9 352.98 400 390.121 160 
28 352.723 400 390.027 160 
28.1 352.466 400 389.934 160 
28.2 352.208 400 389.839 160 
28.3 351.949 400 389.745 160 
28.4 351.69 400 389.65 160 
28.5 351.43 400 389.555 160 
28.6 351.169 400 389.459 160 
28.7 350.908 400 389.363 160 
28.8 350.646 400 389.267 160 
28.9 350.383 400 389.17 160 
29 350.121 400 389.073 160 
29.1 349.857 400 388.976 160 
29.2 349.594 400 388.878 160 
29.3 349.33 400 388.779 160 
29.4 349.065 400 388.68 160 
29.5 348.801 400 388.581 160 
29.6 348.536 400 388.481 160 
29.7 348.271 400 388.381 160 
29.8 348.006 400 388.28 160 
29.9 347.74 400 388.179 160 
30 347.475 400 388.077 160 
30.1 347.21 400 387.975 160 
30.2 346.944 400 387.872 160 
30.3 346.679 400 387.768 160 
30.4 346.414 400 387.664 160 
30.5 346.148 400 387.56 160 
30.6 345.883 400 387.455 160 
30.7 345.619 400 387.349 160 
30.8 345.354 400 387.243 160 
30.9 345.09 400 387.136 160 
31 344.826 400 387.029 160 
31.1 344.563 400 386.921 160 
31.2 344.299 400 386.813 160 
31.3 344.037 400 386.704 160 
31.4 343.775 400 386.594 160 
31.5 343.513 400 386.484 160 
31.6 343.252 400 386.373 160 
31.7 342.991 400 386.261 160 
31.8 342.731 400 386.149 160 
31.9 342.471 400 386.036 160 
32 342.211 400 385.923 160 
32.1 341.952 400 385.809 160 
32.2 341.693 400 385.694 160 
32.3 341.434 400 385.579 160 
32.4 341.176 400 385.463 160 
32.5 340.917 400 385.347 160 
32.6 340.659 400 385.23 160 
32.7 340.401 400 385.112 160 
32.8 340.143 400 384.994 160 
32.9 339.885 400 384.875 160 
33 339.627 400 384.756 160 
33.1 339.369 400 384.636 160 
33.2 339.111 400 384.515 160 
33.3 338.853 400 384.394 160 
33.4 338.594 400 384.272 160 
33.5 338.336 400 384.15 160 
33.6 338.077 400 384.027 160 
33.7 337.818 400 383.904 160 
33.8 337.559 400 383.78 160 
33.9 337.3 400 383.655 160 
34 337.04 400 383.53 160 
34.1 336.78 400 383.405 160 
34.2 336.519 400 383.279 160 
34.3 336.258 400 383.152 160 
34.4 335.996 400 383.025 160 
34.5 335.734 400 382.898 160 
34.6 335.472 400 382.77 160 
34.7 335.209 400 382.641 160 
34.8 334.945 400 382.513 160 
34.9 334.681 400 382.384 160 
35 334.416 400 382.254 160 
35.1 334.15 400 382.124 160 
35.2 333.883 400 381.994 160 
35.3 333.616 400 381.863 160 
35.4 333.348 400 381.732 160 
35.5 333.079 400 381.601 160 
35.6 332.809 400 381.469 160 
35.7 332.538 400 381.337 160 
35.8 332.267 400 381.205 160 
35.9 331.994 400 381.073 160 
36 331.721 400 380.94 160 
36.1 331.446 400 380.808 160 
36.2 331.17 400 380.675 160 
36.3 330.893 400 380.542 160 
36.4 330.615 400 380.408 160 
36.5 330.336 400 380.275 160 
36.6 330.056 400 380.141 160 
36.7 329.775 400 380.008 160 
36.8 329.492 400 379.874 160 
36.9 329.208 400 379.74 160 
37 328.923 400 379.607 160 
37.1 328.636 400 379.473 160 
37.2 328.348 400 379.339 160 
37.3 328.059 400 379.206 160 
37.4 327.768 400 379.072 160 
37.5 327.476 400 378.939 160 
37.6 327.182 400 378.805 160 
37.7 326.887 400 378.672 160 
37.8 326.59 400 378.538 160 
37.9 326.292 400 378.405 160 
38 325.993 400 378.272 160 
38.1 325.692 400 378.139 160 
38.2 325.39 400 378.006 160 
38.3 325.086 400 377.873 160 
38.4 324.781 400 377.74 160 
38.5 324.474 400 377.607 160 
38.6 324.166 400 377.474 160 
38.7 323.857 400 377.341 160 
38.8 323.547 400 377.208 160 
38.9 323.235 400 377.074 160 
39 322.922 400 376.941 160 
39.1 322.608 400 376.807 160 
39.2 322.293 400 376.673 160 
39.3 321.977 400 376.54 160 
39.4 321.659 400 376.405 160 
39.5 321.34 400 376.271 160 
39.6 321.021 400 376.137 160 
39.7 320.7 400 376.002 160 
39.8 320.379 400 375.867 160 
39.9 320.056 400 375.731 160 
40 319.733 400 375.596 160 
40.1 319.408 400 375.46 160 
40.2 319.083 400 375.324 160 
40.3 318.758 400 375.187 160 
40.4 318.431 400 375.05 160 
40.5 318.104 400 374.913 160 
40.6 317.776 400 374.775 160 
40.7 317.448 400 374.637 160 
40.8 317.119 400 374.498 160 
40.9 316.789 400 374.359 160 
41 316.459 400 374.22 160 
41.1 316.129 400 374.08 160 
41.2 315.799 400 373.939 160 
41.3 315.468 400 373.798 160 
41.4 315.137 400 373.657 160 
41.5 314.806 400 373.515 160 
41.6 314.474 400 373.372 160 
41.7 314.143 400 373.229 160 
41.8 313.811 400 373.085 160 
41.9 313.48 400 372.941 160 
42 313.148 400 372.795 160 
42.1 312.817 400 372.65 160 
42.2 312.486 400 372.503 160 
42.3 312.155 400 372.356 160 
42.4 311.824 400 372.209 160 
42.5 311.494 400 372.06 160 
42.6 311.164 400 371.911 160 
42.7 310.835 400 371.761 160 
42.8 310.506 400 371.611 160 
42.9 310.177 400 371.459 160 
43 309.849 400 371.307 160 
43.1 309.522 400 371.154 160 
43.2 309.196 400 371.001 160 
43.3 308.87 400 370.846 160 
43.4 308.544 400 370.691 160 
43.5 308.22 400 370.535 160 
43.6 307.897 400 370.378 160 
43.7 307.574 400 370.22 160 
43.8 307.252 400 370.061 160 
43.9 306.931 400 369.902 160 
44 306.612 400 369.741 160 
44.1 306.293 400 369.58 160 
44.2 305.975 400 369.418 160 
44.3 305.658 400 369.255 160 
44.4 305.342 400 369.091 160 
44.5 305.026 400 368.926 160 
44.6 304.712 400 368.76 160 
44.7 304.398 400 368.594 160 
44.8 304.084 400 368.427 160 
44.9 303.772 400 368.258 160 
45 303.46 400 368.089 160 
45.1 303.148 400 367.92 160 
45.2 302.838 400 367.749 160 
45.3 302.527 400 367.577 160 
45.4 302.217 400 367.405 160 
45.5 301.908 400 367.232 160 
45.6 301.598 400 367.058 160 
45.7 301.289 400 366.883 160 
45.8 300.981 400 366.707 160 
45.9 300.672 400 366.531 160 
46 300.364 400 366.354 160 
46.1 300.056 400 366.176 160 
46.2 299.748 400 365.998 160 
46.3 299.44 400 365.819 160 
46.4 299.133 400 365.639 160 
46.5 298.825 400 365.458 160 
46.6 298.517 400 365.277 160 
46.7 298.209 400 365.095 160 
46.8 297.901 400 364.913 160 
46.9 297.593 400 364.73 160 
47 297.284 400 364.546 160 
47.1 296.975 400 364.362 160 
47.2 296.666 400 364.177 160 
47.3 296.357 400 363.992 160 
47.4 296.047 400 363.806 160 
47.5 295.737 400 363.62 160 
47.6 295.426 400 363.433 160 
47.7 295.115 400 363.246 160 
47.8 294.804 400 363.059 160 
47.9 294.491 400 362.871 160 
48 294.179 400 362.683 160 
48.1 293.865 400 362.495 160 
48.2 293.551 400 362.306 160 
48.3 293.236 400 362.117 160 
48.4 292.92 400 361.928 160 
48.5 292.604 400 361.739 160 
48.6 292.286 400 361.549 160 
48.7 291.968 400 361.359 160 
48.8 291.649 400 361.17 160 
48.9 291.328 400 360.98 160 
49 291.007 400 360.79 160 
49.1 290.685 400 360.6 160 
49.2 290.362 400 360.41 160 
49.3 290.037 400 360.22 160 
49.4 289.712 400 360.03 160 
49.5 289.385 400 359.84 160 
49.6 289.057 400 359.651 160 
49.7 288.727 400 359.461 160 
49.8 288.397 400 359.272 160 
49.9 288.064 400 359.083 160 
50 287.731 400 358.894 160 
50.1 287.396 400 358.706 160 
50.2 287.06 400 358.517 160 
50.3 286.722 400 358.329 160 
50.4 286.383 400 358.142 160 
50.5 286.042 400 357.954 160 
50.6 285.7 400 357.767 160 
50.7 285.356 400 357.58 160 
50.8 285.011 400 357.394 160 
50.9 284.664 400 357.208 160 
51 284.317 400 357.021 160 
51.1 283.967 400 356.836 160 
51.2 283.617 400 356.65 160 
51.3 283.265 400 356.464 160 
51.4 282.912 400 356.278 160 
51.5 282.558 400 356.093 160 
51.6 282.203 400 355.907 160 
51.7 281.846 400 355.722 160 
51.8 281.489 400 355.537 160 
51.9 281.13 400 355.351 160 
52 280.771 400 355.166 160 
52.1 280.41 400 354.98 160 
52.2 280.049 400 354.794 160 
52.3 279.687 400 354.608 160 
52.4 279.324 400 354.422 160 
52.5 278.96 400 354.236 160 
52.6 278.596 400 354.05 160 
52.7 278.231 400 353.863 160 
52.8 277.866 400 353.676 160 
52.9 277.5 400 353.489 160 
53 277.133 400 353.302 160 
53.1 276.766 400 353.114 160 
53.2 276.399 400 352.926 160 
53.3 276.031 400 352.737 160 
53.4 275.664 400 352.548 160 
53.5 275.296 400 352.359 160 
53.6 274.928 400 352.169 160 
53.7 274.559 400 351.979 160 
53.8 274.191 400 351.788 160 
53.9 273.823 400 351.597 160 
54 273.455 400 351.405 160 
54.1 273.087 400 351.213 160 
54.2 272.72 400 351.02 160 
54.3 272.352 400 350.826 160 
54.4 271.985 400 350.632 160 
54.5 271.618 400 350.437 160 
54.6 271.252 400 350.242 160 
54.7 270.886 400 350.045 160 
54.8 270.521 400 349.848 160 
54.9 270.156 400 349.651 160 
55 269.793 400 349.452 160 
55.1 269.429 400 349.253 160 
55.2 269.067 400 349.053 160 
55.3 268.705 400 348.852 160 
55.4 268.344 400 348.65 160 
55.5 267.984 400 348.447 160 
55.6 267.625 400 348.243 160 
55.7 267.267 400 348.039 160 
55.8 266.91 400 347.833 160 
55.9 266.554 400 347.627 160 
56 266.2 400 347.419 160 
56.1 265.846 400 347.211 160 
56.2 265.493 400 347.001 160 
56.3 265.142 400 346.791 160 
56.4 264.792 400 346.579 160 
56.5 264.444 400 346.366 160 
56.6 264.097 400 346.153 160 
56.7 263.751 400 345.938 160 
56.8 263.406 400 345.722 160 
56.9 263.063 400 345.504 160 
57 262.722 400 345.286 160 
57.1 262.381 400 345.067 160 
57.2 262.042 400 344.846 160 
57.3 261.705 400 344.625 160 
57.4 261.368 400 344.402 160 
57.5 261.033 400 344.178 160 
57.6 260.699 400 343.953 160 
57.7 260.366 400 343.727 160 
57.8 260.034 400 343.5 160 
57.9 259.703 400 343.272 160 
58 259.374 400 343.042 160 
58.1 259.045 400 342.812 160 
58.2 258.717 400 342.581 160 
58.3 258.39 400 342.349 160 
58.4 258.064 400 342.115 160 
58.5 257.739 400 341.881 160 
58.6 257.414 400 341.646 160 
58.7 257.09 400 341.41 160 
58.8 256.767 400 341.173 160 
58.9 256.445 400 340.935 160 
59 256.123 400 340.697 160 
59.1 255.801 400 340.457 160 
59.2 255.481 400 340.217 160 
59.3 255.16 400 339.976 160 
59.4 254.84 400 339.734 160 
59.5 254.521 400 339.492 160 
59.6 254.202 400 339.248 160 
59.7 253.883 400 339.005 160 
59.8 253.564 400 338.76 160 
59.9 253.246 400 338.515 160 
60 252.928 400 338.27 160 
60.1 252.61 400 338.023 160 
60.2 252.292 400 337.777 160 
60.3 251.974 400 337.53 160 
60.4 251.656 400 337.282 160 
60.5 251.338 400 337.034 160 
60.6 251.02 400 336.786 160 
60.7 250.702 400 336.538 160 
60.8 250.384 400 336.289 160 
60.9 250.066 400 336.04 160 
61 249.747 400 335.791 160 
61.1 249.428 400 335.541 160 
61.2 249.109 400 335.292 160 
61.3 248.789 400 335.042 160 
61.4 248.469 400 334.792 160 
61.5 248.149 400 334.543 160 
61.6 247.828 400 334.293 160 
61.7 247.506 400 334.044 160 
61.8 247.184 400 333.794 160 
61.9 246.862 400 333.545 160 
62 246.538 400 333.296 160 
62.1 246.214 400 333.047 160 
62.2 245.889 400 332.798 160 
62.3 245.564 400 332.55 160 
62.4 245.238 400 332.302 160 
62.5 244.91 400 332.054 160 
62.6 244.582 400 331.807 160 
62.7 244.253 400 331.56 160 
62.8 243.923 400 331.314 160 
62.9 243.592 400 331.068 160 
63 243.26 400 330.823 160 
63.1 242.927 400 330.578 160 
63.2 242.592 400 330.334 160 
63.3 242.257 400 330.091 160 
63.4 241.92 400 329.848 160 
63.5 241.582 400 329.606 160 
63.6 241.243 400 329.364 160 
63.7 240.902 400 329.123 160 
63.8 240.561 400 328.883 160 
63.9 240.218 400 328.644 160 
64 239.874 400 328.405 160 
64.1 239.529 400 328.166 160 
64.2 239.184 400 327.928 160 
64.3 238.837 400 327.69 160 
64.4 238.489 400 327.453 160 
64.5 238.141 400 327.216 160 
64.6 237.791 400 326.98 160 
64.7 237.441 400 326.744 160 
64.8 237.091 400 326.508 160 
64.9 236.739 400 326.273 160 
65 236.387 400 326.037 160 
65.1 236.034 400 325.802 160 
65.2 235.681 400 325.567 160 
65.3 235.328 400 325.333 160 
65.4 234.973 400 325.098 160 
65.5 234.619 400 324.863 160 
65.6 234.264 400 324.629 160 
65.7 233.909 400 324.394 160 
65.8 233.554 400 324.16 160 
65.9 233.199 400 323.925 160 
66 232.844 400 323.691 160 
66.1 232.488 400 323.456 160 
66.2 232.133 400 323.221 160 
66.3 231.777 400 322.986 160 
66.4 231.422 400 322.751 160 
66.5 231.067 400 322.515 160 
66.6 230.713 400 322.28 160 
66.7 230.358 400 322.044 160 
66.8 230.004 400 321.807 160 
66.9 229.65 400 321.571 160 
67 229.297 400 321.334 160 
67.1 228.945 400 321.096 160 
67.2 228.592 400 320.858 160 
67.3 228.241 400 320.62 160 
67.4 227.89 400 320.381 160 
67.5 227.54 400 320.141 160 
67.6 227.19 400 319.901 160 
67.7 226.842 400 319.661 160 
67.8 226.494 400 319.419 160 
67.9 226.147 400 319.177 160 
68 225.802 400 318.935 160 
68.1 225.457 400 318.691 160 
68.2 225.113 400 318.447 160 
68.3 224.77 400 318.202 160 
68.4 224.428 400 317.957 160 
68.5 224.088 400 317.71 160 
68.6 223.748 400 317.463 160 
68.7 223.41 400 317.214 160 
68.8 223.074 400 316.965 160 
68.9 222.738 400 316.715 160 
69 222.404 400 316.464 160 
69.1 222.071 400 316.211 160 
69.2 221.739 400 315.958 160 
69.3 221.409 400 315.704 160 
69.4 221.08 400 315.448 160 
69.5 220.753 400 315.192 160 
69.6 220.427 400 314.934 160 
69.7 220.103 400 314.675 160 
69.8 219.78 400 314.415 160 
69.9 219.459 400 314.154 160 
70 219.139 400 313.892 160 
70.1 218.821 400 313.628 160 
70.2 218.505 400 313.363 160 
70.3 218.19 400 313.097 160 
70.4 217.876 400 312.829 160 
70.5 217.564 400 312.56 160 
70.6 217.254 400 312.29 160 
70.7 216.945 400 312.019 160 
70.8 216.637 400 311.746 160 
70.9 216.331 400 311.473 160 
71 216.026 400 311.198 160 
71.1 215.722 400 310.922 160 
71.2 215.42 400 310.645 160 
71.3 215.119 400 310.366 160 
71.4 214.819 400 310.087 160 
71.5 214.52 400 309.807 160 
71.6 214.223 400 309.526 160 
71.7 213.926 400 309.243 160 
71.8 213.631 400 308.96 160 
71.9 213.336 400 308.676 160 
72 213.043 400 308.391 160 
72.1 212.751 400 308.105 160 
72.2 212.459 400 307.818 160 
72.3 212.169 400 307.531 160 
72.4 211.879 400 307.243 160 
72.5 211.59 400 306.954 160 
72.6 211.302 400 306.664 160 
72.7 211.015 400 306.374 160 
72.8 210.729 400 306.083 160 
72.9 210.444 400 305.791 160 
73 210.159 400 305.498 160 
73.1 209.876 400 305.205 160 
73.2 209.593 400 304.91 160 
73.3 209.312 400 304.615 160 
73.4 209.032 400 304.319 160 
73.5 208.752 400 304.021 160 
73.6 208.474 400 303.723 160 
73.7 208.197 400 303.424 160 
73.8 207.921 400 303.123 160 
73.9 207.646 400 302.822 160 
74 207.373 400 302.519 160 
74.1 207.101 400 302.215 160 
74.2 206.829 400 301.91 160 
74.3 206.56 400 301.603 160 
74.4 206.291 400 301.296 160 
74.5 206.024 400 300.987 160 
74.6 205.758 400 300.676 160 
74.7 205.493 400 300.364 160 
74.8 205.23 400 300.051 160 
74.9 204.968 400 299.736 160 
75 204.707 400 299.42 160 
75.1 204.448 400 299.102 160 
75.2 204.19 400 298.783 160 
75.3 203.933 400 298.462 160 
75.4 203.678 400 298.14 160 
75.5 203.424 400 297.816 160 
75.6 203.171 400 297.49 160 
75.7 202.92 400 297.163 160 
75.8 202.67 400 296.834 160 
75.9 202.422 400 296.503 160 
76 202.175 400 296.17 160 
76.1 201.929 400 295.836 160 
76.2 201.684 400 295.5 160 
76.3 201.441 400 295.162 160 
76.4 201.199 400 294.823 160 
76.5 200.959 400 294.481 160 
76.6 200.72 400 294.138 160 
76.7 200.482 400 293.794 160 
76.8 200.245 400 293.448 160 
76.9 200.009 400 293.1 160 
77 199.775 400 292.75 160 
77.1 199.542 400 292.399 160 
77.2 199.31 400 292.046 160 
77.3 199.079 400 291.692 160 
77.4 198.849 400 291.336 160 
77.5 198.621 400 290.979 160 
77.6 198.393 400 290.62 160 
77.7 198.167 400 290.26 160 
77.8 197.941 400 289.898 160 
77.9 197.717 400 289.535 160 
78 197.494 400 289.171 160 
78.1 197.271 400 288.806 160 
78.2 197.05 400 288.439 160 
78.3 196.829 400 288.07 160 
78.4 196.609 400 287.701 160 
78.5 196.391 400 287.331 160 
78.6 196.173 400 286.959 160 
78.7 195.956 400 286.587 160 
78.8 195.74 400 286.213 160 
78.9 195.524 400 285.838 160 
79 195.309 400 285.463 160 
79.1 195.095 400 285.087 160 
79.2 194.882 400 284.709 160 
79.3 194.669 400 284.332 160 
79.4 194.458 400 283.953 160 
79.5 194.246 400 283.574 160 
79.6 194.035 400 283.194 160 
79.7 193.825 400 282.814 160 
79.8 193.616 400 282.433 160 
79.9 193.407 400 282.052 160 
80 193.198 400 281.67 160 
80.1 192.99 400 281.288 160 
80.2 192.782 400 280.906 160 
80.3 192.575 400 280.524 160 
80.4 192.368 400 280.141 160 
80.5 192.162 400 279.759 160 
80.6 191.956 400 279.376 160 
80.7 191.75 400 278.994 160 
80.8 191.544 400 278.611 160 
80.9 191.339 400 278.229 160 
81 191.134 400 277.847 160 
81.1 190.929 400 277.465 160 
81.2 190.724 400 277.084 160 
81.3 190.52 400 276.703 160 
81.4 190.315 400 276.323 160 
81.5 190.111 400 275.943 160 
81.6 189.907 400 275.563 160 
81.7 189.702 400 275.185 160 
81.8 189.498 400 274.807 160 
81.9 189.294 400 274.429 160 
82 189.089 400 274.053 160 
82.1 188.885 400 273.677 160 
82.2 188.681 400 273.302 160 
82.3 188.476 400 272.929 160 
82.4 188.271 400 272.556 160 
82.5 188.066 400 272.184 160 
82.6 187.861 400 271.813 160 
82.7 187.656 400 271.444 160 
82.8 187.45 400 271.075 160 
82.9 187.244 400 270.708 160 
83 187.038 400 270.342 160 
83.1 186.831 400 269.977 160 
83.2 186.624 400 269.614 160 
83.3 186.417 400 269.252 160 
83.4 186.209 400 268.891 160 
83.5 186.001 400 268.532 160 
83.6 185.792 400 268.175 160 
83.7 185.582 400 267.819 160 
83.8 185.373 400 267.464 160 
83.9 185.162 400 267.111 160 
84 184.951 400 266.759 160 
84.1 184.74 400 266.409 160 
84.2 184.528 400 266.061 160 
84.3 184.315 400 265.714 160 
84.4 184.101 400 265.369 160 
84.5 183.887 400 265.026 160 
84.6 183.672 400 264.684 160 
84.7 183.456 399.99 264.345 160 
84.8 183.24 399.93 264.006 160 
84.9 183.023 399.869 263.669 160 
85 182.805 399.808 263.334 160 
85.1 182.586 399.747 263.001 160 
85.2 182.367 399.686 262.668 160 
85.3 182.148 399.624 262.338 160 
85.4 181.928 399.562 262.009 160 
85.5 181.707 399.5 261.681 160 
85.6 181.486 399.438 261.354 160 
85.7 181.265 399.375 261.029 160 
85.8 181.043 399.312 260.705 160 
85.9 180.821 399.248 260.383 160 
86 180.598 399.185 260.061 160 
86.1 180.375 399.121 259.741 160 
86.2 180.152 399.056 259.422 160 
86.3 179.928 398.991 259.104 160 
86.4 179.705 398.926 258.787 160 
86.5 179.481 398.861 258.472 160 
86.6 179.257 398.795 258.157 160 
86.7 179.032 398.729 257.843 160 
86.8 178.808 398.663 257.53 160 
86.9 178.584 398.596 257.218 160 
87 178.36 398.528 256.907 160 
87.1 178.135 398.461 256.596 160 
87.2 177.911 398.393 256.287 160 
87.3 177.687 398.325 255.978 160 
87.4 177.463 398.256 255.67 160 
87.5 177.239 398.187 255.362 160 
87.6 177.015 398.117 255.055 160 
87.7 176.792 398.048 254.749 160 
87.8 176.569 397.977 254.443 160 
87.9 176.346 397.907 254.138 160 
88 176.123 397.836 253.833 160 
88.1 175.901 397.764 253.529 160 
88.2 175.679 397.693 253.224 160 
88.3 175.457 397.62 252.921 160 
88.4 175.236 397.548 252.617 160 
88.5 175.016 397.475 252.314 160 
88.6 174.796 397.401 252.011 160 
88.7 174.576 397.328 251.708 160 
88.8 174.358 397.254 251.406 160 
88.9 174.139 397.179 251.103 160 
89 173.922 397.104 250.8 160 
89.1 173.705 397.029 250.498 160 
89.2 173.488 396.953 250.195 160 
89.3 173.273 396.877 249.893 160 
89.4 173.058 396.801 249.59 160 
89.5 172.843 396.724 249.287 160 
89.6 172.63 396.647 248.984 160 
89.7 172.417 396.569 248.681 160 
89.8 172.205 396.491 248.377 160 
89.9 171.994 396.413 248.073 160 
90 171.784 396.334 247.769 160 
90.1 171.575 396.255 247.465 160 
90.2 171.366 396.176 247.16 160 
90.3 171.159 396.096 246.854 160 
90.4 170.952 396.016 246.548 160 
90.5 170.747 395.936 246.242 160 
90.6 170.542 395.855 245.934 160 
90.7 170.338 395.774 245.627 160 
90.8 170.135 395.693 245.318 160 
90.9 169.933 395.611 245.009 160 
91 169.733 395.53 244.699 160 
91.1 169.533 395.448 244.389 160 
91.2 169.334 395.365 244.077 160 
91.3 169.136 395.283 243.765 160 
91.4 168.939 395.2 243.452 160 
91.5 168.743 395.117 243.137 160 
91.6 168.548 395.033 242.822 160 
91.7 168.355 394.95 242.506 160 
91.8 168.162 394.866 242.189 160 
91.9 167.97 394.782 241.871 160 
92 167.779 394.698 241.551 160 
92.1 167.59 394.613 241.231 160 
92.2 167.401 394.529 240.909 160 
92.3 167.214 394.444 240.586 160 
92.4 167.027 394.359 240.262 160 
92.5 166.841 394.275 239.936 160 
92.6 166.657 394.19 239.609 160 
92.7 166.473 394.104 239.281 160 
92.8 166.291 394.019 238.951 160 
92.9 166.109 393.934 238.62 160 
93 165.929 393.848 238.287 160 
93.1 165.749 393.763 237.953 160 
93.2 165.571 393.678 237.617 160 
93.3 165.393 393.592 237.28 160 
93.4 165.217 393.507 236.941 160 
93.5 165.041 393.421 236.6 160 
93.6 164.866 393.336 236.258 160 
93.7 164.693 393.25 235.914 160 
93.8 164.52 393.164 235.569 160 
93.9 164.348 393.079 235.222 160 
94 164.177 392.993 234.874 160 
94.1 164.007 392.907 234.524 160 
94.2 163.838 392.822 234.172 160 
94.3 163.67 392.736 233.819 160 
94.4 163.503 392.65 233.465 160 
94.5 163.337 392.563 233.109 160 
94.6 163.172 392.477 232.752 160 
94.7 163.007 392.391 232.394 160 
94.8 162.844 392.304 232.034 160 
94.9 162.681 392.217 231.673 160 
95 162.519 392.13 231.311 160 
95.1 162.358 392.043 230.948 160 
95.2 162.198 391.956 230.583 160 
95.3 162.039 391.869 230.217 160 
95.4 161.881 391.781 229.851 160 
95.5 161.723 391.693 229.483 160 
95.6 161.567 391.605 229.115 160 
95.7 161.411 391.516 228.745 160 
95.8 161.256 391.427 228.375 160 
95.9 161.101 391.338 228.004 160 
96 160.948 391.249 227.632 160 
96.1 160.795 391.16 227.259 160 
96.2 160.643 391.07 226.886 160 
96.3 160.491 390.98 226.512 160 
96.4 160.34 390.889 226.138 160 
96.5 160.19 390.798 225.763 160 
96.6 160.041 390.707 225.388 160 
96.7 159.892 390.615 225.012 160 
96.8 159.744 390.523 224.636 160 
96.9 159.597 390.431 224.26 160 
97 159.45 390.338 223.883 160 
97.1 159.304 390.245 223.507 160 
97.2 159.158 390.152 223.13 160 
97.3 159.013 390.058 222.754 160 
97.4 158.868 389.963 222.377 160 
97.5 158.724 389.868 222 160 
97.6 158.581 389.773 221.624 160 
97.7 158.438 389.677 221.248 160 
97.8 158.295 389.581 220.872 160 
97.9 158.153 389.484 220.496 160 
98 158.011 389.387 220.121 160 
98.1 157.87 389.29 219.747 160 
98.2 157.729 389.191 219.372 160 
98.3 157.589 389.093 218.999 160 
98.4 157.449 388.994 218.626 160 
98.5 157.309 388.894 218.253 160 
98.6 157.17 388.794 217.882 160 
98.7 157.031 388.693 217.511 160 
98.8 156.892 388.592 217.141 160 
98.9 156.754 388.49 216.771 160 
99 156.615 388.387 216.403 160 
99.1 156.477 388.284 216.036 160 
99.2 156.34 388.181 215.669 160 
99.3 156.202 388.077 215.304 160 
99.4 156.065 387.972 214.94 160 
99.5 155.928 387.867 214.577 160 
99.6 155.791 387.761 214.215 160 
99.7 155.654 387.655 213.854 160 
99.8 155.517 387.548 213.495 160 
99.9 155.38 387.44 213.137 160 
100 155.244 387.332 212.78 160 
100.1 155.107 387.223 212.425 160 
100.2 154.971 387.114 212.071 160 
100.3 154.834 387.004 211.718 160 
100.4 154.698 386.893 211.367 160 
100.5 154.561 386.782 211.018 160 
100.6 154.425 386.67 210.67 160 
100.7 154.288 386.558 210.323 160 
100.8 154.152 386.445 209.978 160 
100.9 154.015 386.331 209.635 160 
101 153.878 386.217 209.293 160 
101.1 153.741 386.102 208.953 160 
101.2 153.604 385.987 208.615 160 
101.3 153.467 385.871 208.278 160 
101.4 153.33 385.754 207.943 160 
101.5 153.192 385.637 207.609 160 
101.6 153.054 385.52 207.278 160 
101.7 152.916 385.401 206.948 160 
101.8 152.778 385.282 206.619 160 
101.9 152.639 385.163 206.293 160 
102 152.5 385.043 205.968 160 
102.1 152.361 384.923 205.645 160 
102.2 152.222 384.802 205.323 160 
102.3 152.082 384.68 205.004 160 
102.4 151.942 384.558 204.686 160 
102.5 151.801 384.436 204.37 160 
102.6 151.66 384.313 204.055 160 
102.7 151.519 384.189 203.742 160 
102.8 151.377 384.065 203.431 160 
102.9 151.235 383.941 203.122 160 
103 151.093 383.815 202.814 160 
103.1 150.95 383.69 202.508 160 
103.2 150.807 383.563 202.204 160 
103.3 150.664 383.437 201.901 160 
103.4 150.521 383.309 201.6 160 
103.5 150.377 383.181 201.3 160 
103.6 150.233 383.052 201.002 160 
103.7 150.089 382.923 200.705 160 
103.8 149.945 382.793 200.41 160 
103.9 149.801 382.663 200.116 160 
104 149.656 382.531 199.824 160 
104.1 149.512 382.399 199.533 160 
104.2 149.367 382.267 199.243 160 
104.3 149.223 382.134 198.955 160 
104.4 149.078 382 198.668 160 
104.5 148.933 381.865 198.383 160 
104.6 148.789 381.729 198.099 160 
104.7 148.644 381.593 197.816 160 
104.8 148.499 381.456 197.534 160 
104.9 148.355 381.319 197.253 160 
105 148.21 381.18 196.974 160 
105.1 148.066 381.041 196.695 160 
105.2 147.922 380.901 196.418 160 
105.3 147.778 380.76 196.142 160 
105.4 147.634 380.619 195.867 160 
105.5 147.491 380.476 195.593 160 
105.6 147.347 380.333 195.319 160 
105.7 147.204 380.189 195.047 160 
105.8 147.061 380.045 194.776 160 
105.9 146.919 379.899 194.505 160 
106 146.777 379.753 194.236 160 
106.1 146.635 379.606 193.967 160 
106.2 146.493 379.458 193.699 160 
106.3 146.352 379.309 193.431 160 
106.4 146.211 379.16 193.165 160 
106.5 146.071 379.01 192.899 160 
106.6 145.931 378.859 192.633 160 
106.7 145.791 378.707 192.368 160 
106.8 145.652 378.554 192.104 160 
106.9 145.514 378.401 191.841 160 
107 145.375 378.246 191.577 160 
107.1 145.238 378.091 191.315 160 
107.2 145.101 377.935 191.052 160 
107.3 144.964 377.779 190.791 160 
107.4 144.828 377.621 190.529 160 
107.5 144.692 377.463 190.268 160 
107.6 144.557 377.304 190.007 160 
107.7 144.423 377.145 189.746 160 
107.8 144.289 376.984 189.486 160 
107.9 144.156 376.823 189.226 160 
108 144.023 376.661 188.966 160 
108.1 143.891 376.499 188.706 160 
108.2 143.76 376.335 188.446 160 
108.3 143.629 376.172 188.186 160 
108.4 143.499 376.007 187.926 160 
108.5 143.369 375.842 187.667 160 
108.6 143.24 375.676 187.407 160 
108.7 143.112 375.509 187.147 160 
108.8 142.984 375.342 186.887 160 
108.9 142.857 375.175 186.627 160 
109 142.731 375.007 186.366 160 
109.1 142.605 374.838 186.106 160 
109.2 142.48 374.668 185.845 160 
109.3 142.356 374.499 185.583 160 
109.4 142.232 374.328 185.322 160 
109.5 142.109 374.158 185.06 160 
109.6 141.987 373.986 184.798 160 
109.7 141.865 373.815 184.535 160 
109.8 141.744 373.643 184.272 160 
109.9 141.624 373.47 184.008 160 
110 141.504 373.297 183.744 160 
110.1 141.385 373.124 183.479 160 
110.2 141.267 372.951 183.214 160 
110.3 141.149 372.777 182.948 160 
110.4 141.032 372.603 182.681 160 
110.5 140.915 372.429 182.414 160 
110.6 140.8 372.254 182.146 160 
110.7 140.684 372.08 181.877 160 
110.8 140.57 371.905 181.607 160 
110.9 140.456 371.73 181.337 160 
111 140.343 371.555 181.065 160 
111.1 140.23 371.38 180.793 160 
111.2 140.118 371.205 180.52 160 
111.3 140.007 371.03 180.246 160 
111.4 139.896 370.855 179.971 160 
111.5 139.785 370.68 179.694 160 
111.6 139.676 370.505 179.417 160 
111.7 139.566 370.33 179.139 160 
111.8 139.458 370.155 178.859 160 
111.9 139.35 369.98 178.579 160 
112 139.242 369.805 178.297 160 
112.1 139.136 369.63 178.014 160 
112.2 139.029 369.456 177.731 160 
112.3 138.923 369.281 177.446 160 
112.4 138.818 369.106 177.16 160 
112.5 138.714 368.932 176.874 160 
112.6 138.61 368.757 176.586 160 
112.7 138.506 368.582 176.298 160 
112.8 138.403 368.407 176.009 160 
112.9 138.301 368.232 175.719 160 
113 138.199 368.056 175.428 160 
113.1 138.098 367.881 175.137 160 
113.2 137.997 367.705 174.845 160 
113.3 137.897 367.529 174.552 160 
113.4 137.798 367.352 174.259 160 
113.5 137.699 367.176 173.965 160 
113.6 137.6 366.999 173.671 160 
113.7 137.502 366.822 173.376 160 
113.8 137.405 366.644 173.081 160 
113.9 137.308 366.466 172.785 160 
114 137.212 366.288 172.49 160 
114.1 137.116 366.109 172.193 160 
114.2 137.02 365.929 171.897 160 
114.3 136.926 365.75 171.6 160 
114.4 136.831 365.569 171.304 160 
114.5 136.737 365.389 171.007 160 
114.6 136.644 365.207 170.71 160 
114.7 136.551 365.025 170.413 160 
114.8 136.459 364.843 170.116 160 
114.9 136.367 364.66 169.819 160 
115 136.275 364.476 169.522 160 
115.1 136.184 364.292 169.225 160 
115.2 136.094 364.107 168.929 160 
115.3 136.004 363.921 168.633 160 
115.4 135.914 363.735 168.337 160 
115.5 135.825 363.548 168.042 160 
115.6 135.736 363.36 167.747 160 
115.7 135.647 363.171 167.452 160 
115.8 135.559 362.981 167.158 160 
115.9 135.471 362.791 166.864 160 
116 135.384 362.6 166.571 160 
116.1 135.297 362.408 166.278 160 
116.2 135.21 362.215 165.987 160 
116.3 135.124 362.021 165.695 160 
116.4 135.038 361.827 165.405 160 
116.5 134.952 361.631 165.115 160 
116.6 134.867 361.435 164.826 160 
116.7 134.782 361.237 164.538 160 
116.8 134.697 361.038 164.251 160 
116.9 134.612 360.839 163.965 160 
117 134.528 360.638 163.679 160 
117.1 134.444 360.437 163.395 160 
117.2 134.36 360.234 163.111 160 
117.3 134.277 360.031 162.829 160 
117.4 134.193 359.826 162.548 160 
117.5 134.11 359.62 162.267 160 
117.6 134.027 359.413 161.988 160 
117.7 133.945 359.205 161.71 160 
117.8 133.862 358.996 161.433 160 
117.9 133.78 358.785 161.157 160 
118 133.698 358.574 160.883 160 
118.1 133.616 358.361 160.61 160 
118.2 133.534 358.147 160.337 160 
118.3 133.452 357.932 160.067 160 
118.4 133.37 357.716 159.797 160 
118.5 133.289 357.499 159.529 160 
118.6 133.207 357.28 159.262 160 
118.7 133.126 357.06 158.996 160 
118.8 133.045 356.839 158.732 160 
118.9 132.963 356.617 158.469 160 
119 132.882 356.394 158.207 160 
119.1 132.801 356.169 157.946 160 
119.2 132.72 355.943 157.687 160 
119.3 132.639 355.716 157.43 160 
119.4 132.558 355.487 157.173 160 
119.5 132.477 355.258 156.919 160 
119.6 132.396 355.027 156.665 160 
119.7 132.315 354.795 156.413 160 
119.8 132.233 354.562 156.162 160 
119.9 132.152 354.327 155.912 160 
120 132.071 354.091 155.664 160 
120.1 131.99 353.855 155.418 160 
120.2 131.908 353.616 155.172 160 
120.3 131.827 353.377 154.928 160 
120.4 131.745 353.137 154.685 160 
120.5 131.663 352.895 154.444 160 
120.6 131.582 352.652 154.204 160 
120.7 131.5 352.408 153.965 160 
120.8 131.417 352.163 153.728 160 
120.9 131.335 351.917 153.492 160 
121 131.253 351.67 153.257 160 
121.1 131.17 351.422 153.023 160 
121.2 131.087 351.172 152.791 160 
121.3 131.004 350.922 152.56 160 
121.4 130.921 350.671 152.33 160 
121.5 130.837 350.418 152.102 160 
121.6 130.754 350.165 151.874 160 
121.7 130.67 349.911 151.648 160 
121.8 130.586 349.656 151.423 160 
121.9 130.501 349.399 151.199 160 
122 130.416 349.143 150.977 160 
122.1 130.331 348.885 150.755 160 
122.2 130.246 348.626 150.535 160 
122.3 130.161 348.367 150.315 160 
122.4 130.075 348.107 150.097 160 
122.5 129.988 347.846 149.88 160 
122.6 129.902 347.585 149.664 160 
122.7 129.815 347.323 149.449 160 
122.8 129.728 347.06 149.234 160 
122.9 129.64 346.797 149.021 160 
123 129.552 346.533 148.809 160 
123.1 129.464 346.268 148.598 160 
123.2 129.375 346.004 148.387 160 
123.3 129.286 345.739 148.178 160 
123.4 129.196 345.473 147.969 160 
123.5 129.106 345.207 147.761 160 
123.6 129.015 344.941 147.554 160 
123.7 128.925 344.674 147.348 160 
123.8 128.833 344.408 147.142 160 
123.9 128.741 344.141 146.937 160 
124 128.649 343.873 146.734 160 
124.1 128.557 343.606 146.531 160 
124.2 128.464 343.338 146.328 160 
124.3 128.37 343.07 146.127 160 
124.4 128.276 342.801 145.926 160 
124.5 128.182 342.532 145.727 160 
124.6 128.087 342.262 145.528 160 
124.7 127.992 341.991 145.33 160 
124.8 127.897 341.721 145.133 160 
124.9 127.801 341.449 144.937 160 
125 127.705 341.177 144.742 160 
125.1 127.608 340.904 144.548 160 
125.2 127.511 340.631 144.355 160 
125.3 127.414 340.356 144.163 160 
125.4 127.316 340.081 143.972 160 
125.5 127.219 339.805 143.782 160 
125.6 127.12 339.529 143.592 160 
125.7 127.022 339.251 143.404 160 
125.8 126.923 338.973 143.217 160 
125.9 126.824 338.693 143.031 160 
126 126.725 338.413 142.846 160 
126.1 126.625 338.131 142.661 160 
126.2 126.526 337.849 142.478 160 
126.3 126.426 337.565 142.296 160 
126.4 126.326 337.28 142.115 160 
126.5 126.225 336.995 141.934 160 
126.6 126.125 336.708 141.755 160 
126.7 126.024 336.419 141.577 160 
126.8 125.923 336.13 141.4 160 
126.9 125.822 335.839 141.223 160 
127 125.721 335.547 141.048 160 
127.1 125.62 335.254 140.874 160 
127.2 125.519 334.959 140.7 160 
127.3 125.417 334.664 140.528 160 
127.4 125.315 334.367 140.356 160 
127.5 125.213 334.069 140.186 160 
127.6 125.111 333.769 140.016 160 
127.7 125.009 333.469 139.847 160 
127.8 124.907 333.167 139.679 160 
127.9 124.804 332.865 139.513 160 
128 124.701 332.561 139.347 160 
128.1 124.598 332.257 139.181 160 
128.2 124.494 331.951 139.017 160 
128.3 124.39 331.645 138.854 160 
128.4 124.286 331.337 138.691 160 
128.5 124.182 331.029 138.53 160 
128.6 124.077 330.72 138.369 160 
128.7 123.972 330.41 138.209 160 
128.8 123.866 330.1 138.049 160 
128.9 123.76 329.789 137.891 160 
129 123.654 329.477 137.733 160 
129.1 123.547 329.165 137.576 160 
129.2 123.44 328.852 137.42 160 
129.3 123.333 328.538 137.264 160 
129.4 123.225 328.224 137.11 160 
129.5 123.117 327.91 136.956 160 
129.6 123.008 327.595 136.802 160 
129.7 122.899 327.28 136.649 160 
129.8 122.789 326.965 136.497 160 
129.9 122.679 326.649 136.346 160 
130 122.568 326.333 136.195 160 
130.1 122.457 326.017 136.045 160 
130.2 122.345 325.701 135.895 160 
130.3 122.233 325.385 135.746 160 
130.4 122.12 325.069 135.598 160 
130.5 122.007 324.753 135.45 160 
130.6 121.893 324.436 135.303 160 
130.7 121.779 324.119 135.156 160 
130.8 121.664 323.802 135.01 160 
130.9 121.549 323.484 134.865 160 
131 121.433 323.166 134.72 160 
131.1 121.317 322.847 134.576 160 
131.2 121.201 322.528 134.433 160 
131.3 121.084 322.208 134.291 160 
131.4 120.967 321.888 134.149 160 
131.5 120.849 321.567 134.008 160 
131.6 120.731 321.246 133.867 160 
131.7 120.612 320.923 133.728 160 
131.8 120.493 320.6 133.589 160 
131.9 120.374 320.277 133.45 160 
132 120.255 319.952 133.313 160 
132.1 120.135 319.627 133.176 160 
132.2 120.015 319.3 133.04 160 
132.3 119.894 318.973 132.905 160 
132.4 119.774 318.645 132.77 160 
132.5 119.653 318.315 132.636 160 
132.6 119.532 317.985 132.503 160 
132.7 119.41 317.653 132.371 160 
132.8 119.289 317.321 132.239 160 
132.9 119.167 316.987 132.108 160 
133 119.045 316.652 131.978 160 
133.1 118.923 316.315 131.848 160 
133.2 118.801 315.978 131.719 160 
133.3 118.679 315.639 131.591 160 
133.4 118.556 315.298 131.464 160 
133.5 118.434 314.957 131.337 160 
133.6 118.311 314.614 131.211 160 
133.7 118.188 314.269 131.086 160 
133.8 118.065 313.924 130.961 160 
133.9 117.942 313.577 130.837 160 
134 117.819 313.229 130.714 160 
134.1 117.695 312.88 130.591 160 
134.2 117.572 312.53 130.47 160 
134.3 117.448 312.179 130.348 160 
134.4 117.324 311.827 130.228 160 
134.5 117.199 311.473 130.108 160 
134.6 117.074 311.119 129.988 160 
134.7 116.949 310.764 129.87 160 
134.8 116.824 310.408 129.752 160 
134.9 116.698 310.052 129.634 160 
135 116.572 309.695 129.518 160 
135.1 116.445 309.337 129.401 160 
135.2 116.319 308.978 129.286 160 
135.3 116.191 308.619 129.171 160 
135.4 116.064 308.259 129.056 160 
135.5 115.936 307.899 128.942 160 
135.6 115.807 307.538 128.829 160 
135.7 115.678 307.177 128.716 160 
135.8 115.549 306.816 128.604 160 
135.9 115.419 306.454 128.492 160 
136 115.288 306.093 128.38 160 
136.1 115.157 305.731 128.27 160 
136.2 115.026 305.369 128.159 160 
136.3 114.893 305.007 128.05 160 
136.4 114.761 304.645 127.94 160 
136.5 114.628 304.283 127.831 160 
136.6 114.494 303.921 127.723 160 
136.7 114.359 303.56 127.615 160 
136.8 114.224 303.198 127.507 160 
136.9 114.089 302.836 127.4 160 
137 113.953 302.475 127.293 160 
137.1 113.816 302.113 127.187 160 
137.2 113.679 301.751 127.081 160 
137.3 113.542 301.389 126.976 160 
137.4 113.403 301.027 126.871 160 
137.5 113.265 300.664 126.767 160 
137.6 113.126 300.301 126.663 160 
137.7 112.986 299.937 126.56 160 
137.8 112.846 299.574 126.457 160 
137.9 112.706 299.209 126.355 160 
138 112.565 298.845 126.254 160 
138.1 112.424 298.479 126.152 160 
138.2 112.282 298.113 126.052 160 
138.3 112.14 297.746 125.952 160 
138.4 111.998 297.379 125.852 160 
138.5 111.855 297.011 125.753 160 
138.6 111.713 296.642 125.655 160 
138.7 111.569 296.272 125.557 160 
138.8 111.426 295.901 125.459 160 
138.9 111.282 295.53 125.363 160 
139 111.139 295.157 125.266 160 
139.1 110.994 294.783 125.17 160 
139.2 110.85 294.408 125.075 160 
139.3 110.706 294.032 124.98 160 
139.4 110.561 293.655 124.886 160 
139.5 110.417 293.277 124.792 160 
139.6 110.272 292.897 124.699 160 
139.7 110.127 292.516 124.606 160 
139.8 109.982 292.134 124.514 160 
139.9 109.838 291.75 124.422 160 
140 109.693 291.366 124.331 160 
140.1 109.548 290.98 124.241 160 
140.2 109.402 290.592 124.15 160 
140.3 109.257 290.204 124.061 160 
140.4 109.112 289.814 123.972 160 
140.5 108.966 289.424 123.883 160 
140.6 108.82 289.032 123.795 160 
140.7 108.674 288.64 123.707 160 
140.8 108.528 288.246 123.62 160 
140.9 108.381 287.852 123.533 160 
141 108.234 287.457 123.447 160 
141.1 108.087 287.061 123.361 160 
141.2 107.94 286.665 123.275 160 
141.3 107.792 286.268 123.19 160 
141.4 107.644 285.87 123.106 160 
141.5 107.495 285.472 123.022 160 
141.6 107.346 285.074 122.938 160 
141.7 107.197 284.675 122.855 160 
141.8 107.047 284.276 122.772 160 
141.9 106.897 283.876 122.69 160 
142 106.746 283.477 122.608 160 
142.1 106.595 283.077 122.526 160 
142.2 106.443 282.677 122.445 160 
142.3 106.291 282.278 122.364 160 
142.4 106.138 281.878 122.284 160 
142.5 105.985 281.478 122.203 160 
142.6 105.831 281.079 122.124 160 
142.7 105.677 280.68 122.044 160 
142.8 105.522 280.281 121.965 160 
142.9 105.366 279.883 121.887 160 
143 105.21 279.484 121.808 160 
143.1 105.053 279.087 121.73 160 
143.2 104.896 278.689 121.653 160 
143.3 104.738 278.291 121.575 160 
143.4 104.579 277.894 121.498 160 
143.5 104.42 277.497 121.422 160 
143.6 104.26 277.099 121.345 160 
143.7 104.1 276.702 121.269 160 
143.8 103.939 276.304 121.194 160 
143.9 103.778 275.907 121.119 160 
144 103.617 275.509 121.044 160 
144.1 103.455 275.111 120.97 160 
144.2 103.293 274.712 120.896 160 
144.3 103.13 274.314 120.822 160 
144.4 102.967 273.915 120.749 160 
144.5 102.803 273.515 120.676 160 
144.6 102.64 273.115 120.604 160 
144.7 102.476 272.714 120.532 160 
144.8 102.311 272.313 120.46 160 
144.9 102.147 271.911 120.389 160 
145 101.982 271.508 120.318 160 
145.1 101.817 271.104 120.247 160 
145.2 101.652 270.7 120.177 160 
145.3 101.487 270.295 120.108 160 
145.4 101.322 269.889 120.038 160 
145.5 101.156 269.482 119.969 160 
145.6 100.991 269.073 119.901 160 
145.7 100.825 268.664 119.833 160 
145.8 100.659 268.254 119.765 160 
145.9 100.494 267.842 119.697 160 
146 100.328 267.43 119.63 160 
146.1 100.163 267.016 119.564 160 
146.2 99.9973 266.6 119.497 160 
146.3 99.8318 266.184 119.431 160 
146.4 99.6664 265.766 119.366 160 
146.5 99.5008 265.348 119.3 160 
146.6 99.3353 264.928 119.235 160 
146.7 99.1696 264.507 119.171 160 
146.8 99.0039 264.086 119.107 160 
146.9 98.838 263.663 119.043 160 
147 98.672 263.24 118.979 160 
147.1 98.5058 262.816 118.916 160 
147.2 98.3395 262.392 118.854 160 
147.3 98.1729 261.966 118.791 160 
147.4 98.0061 261.541 118.729 160 
147.5 97.839 261.115 118.667 160 
147.6 97.6716 260.688 118.606 160 
147.7 97.504 260.261 118.545 160 
147.8 97.336 259.834 118.484 160 
147.9 97.1677 259.406 118.423 160 
148 96.999 258.979 118.363 160 
148.1 96.83 258.551 118.363 160 
148.2 96.6605 258.123 118.363 160 
148.3 96.4906 257.696 118.363 160 
148.4 96.3203 257.268 118.363 160 
148.5 96.1494 256.841 118.363 160 
148.6 95.9781 256.414 118.363 160 
148.7 95.8063 255.987 118.363 160 
148.8 95.6339 255.561 118.363 160 
148.9 95.461 255.135 118.363 160 
149 95.2875 254.71 118.363 160 
149.1 95.1134 254.285 118.363 160 
149.2 94.9386 253.861 118.363 160 
149.3 94.7633 253.437 118.363 160 
149.4 94.5873 253.014 118.363 160 
149.5 94.4107 252.592 118.363 160 
149.6 94.2335 252.17 118.363 160 
149.7 94.0558 251.749 118.363 160 
149.8 93.8775 251.328 118.363 160 
149.9 93.6987 250.908 118.363 160 
150 93.5194 250.488 118.363 160 
150.1 93.3396 250.068 118.363 160 
150.2 93.1594 249.648 118.363 160 
150.3 92.9787 249.229 118.363 160 
150.4 92.7976 248.81 118.363 160 
150.5 92.6162 248.39 118.363 160 
150.6 92.4343 247.971 118.363 160 
150.7 92.2522 247.551 118.363 160 
150.8 92.0697 247.132 118.363 160 
150.9 91.8869 246.712 118.363 160 
151 91.7039 246.292 118.363 160 
151.1 91.5207 245.872 118.363 160 
151.2 91.3373 245.452 118.363 160 
151.3 91.1536 245.031 118.363 160 
151.4 90.9699 244.609 118.363 160 
151.5 90.786 244.187 118.363 160 
151.6 90.602 243.765 118.363 160 
151.7 90.418 243.342 118.363 160 
151.8 90.2339 242.918 118.363 160 
151.9 90.0498 242.494 118.363 160 
152 89.8658 242.068 118.363 160 
152.1 89.6817 241.642 118.363 160 
152.2 89.4978 241.215 118.363 160 
152.3 89.314 240.787 118.363 160 
152.4 89.1303 240.358 118.363 160 
152.5 88.9467 239.929 118.363 160 
152.6 88.7633 239.498 118.363 160 
152.7 88.58 239.066 118.363 160 
152.8 88.3968 238.633 118.363 160 
152.9 88.2137 238.2 118.363 160 
153 88.0305 237.765 118.363 160 
153.1 87.8474 237.33 118.363 160 
153.2 87.6643 236.895 118.363 160 
153.3 87.4812 236.459 118.363 160 
153.4 87.298 236.022 118.363 160 
153.5 87.1147 235.585 118.363 160 
153.6 86.9313 235.147 118.363 160 
153.7 86.7477 234.71 118.363 160 
153.8 86.564 234.272 118.363 160 
153.9 86.3801 233.834 118.363 160 
154 86.196 233.396 118.363 160 
154.1 86.0117 232.957 118.363 160 
154.2 85.8271 232.519 118.363 160 
154.3 85.6423 232.081 118.363 160 
154.4 85.4571 231.644 118.363 160 
154.5 85.2716 231.206 118.363 160 
154.6 85.0857 230.769 118.363 160 
154.7 84.8995 230.332 118.363 160 
154.8 84.7128 229.896 118.363 160 
154.9 84.5258 229.46 118.363 160 
155 84.3383 229.024 118.363 160 
155.1 84.1503 228.59 118.363 160 
155.2 83.9618 228.156 118.363 160 
155.3 83.7728 227.723 118.363 160 
155.4 83.5832 227.291 118.363 160 
155.5 83.3931 226.859 118.363 160 
155.6 83.2024 226.429 118.363 160 
155.7 83.011 225.999 118.363 160 
155.8 82.8191 225.571 118.363 160 
155.9 82.6266 225.144 118.363 160 
156 82.4336 224.717 118.363 160 
156.1 82.24 224.291 118.363 160 
156.2 82.046 223.866 118.363 160 
156.3 81.8514 223.442 118.363 160 
156.4 81.6564 223.018 118.363 160 
156.5 81.461 222.595 118.363 160 
156.6 81.2652 222.172 118.363 160 
156.7 81.0691 221.75 118.363 160 
156.8 80.8725 221.328 118.363 160 
156.9 80.6757 220.907 118.363 160 
157 80.4786 220.486 118.363 160 
157.1 80.2812 220.065 118.363 160 
157.2 80.0836 219.644 118.363 160 
157.3 79.8858 219.224 118.363 160 
157.4 79.6879 218.803 118.363 160 
157.5 79.4898 218.383 118.363 160 
157.6 79.2916 217.963 118.363 160 
157.7 79.0933 217.542 118.363 160 
157.8 78.895 217.122 118.363 160 
157.9 78.6966 216.701 118.363 160 
158 78.4983 216.28 118.363 160 
158.1 78.3 215.859 118.363 160 
158.2 78.1018 215.437 118.363 160 
158.3 77.9037 215.015 118.363 160 
158.4 77.7057 214.593 118.363 160 
158.5 77.5079 214.17 118.363 160 
158.6 77.3102 213.746 118.363 160 
158.7 77.1129 213.322 118.363 160 
158.8 76.9157 212.897 118.363 160 
158.9 76.7188 212.471 118.363 160 
159 76.5222 212.045 118.363 160 
159.1 76.3258 211.618 118.363 160 
159.2 76.1297 211.191 118.363 160 
159.3 75.9336 210.763 118.363 160 
159.4 75.7378 210.335 118.363 160 
159.5 75.5421 209.906 118.363 160 
159.6 75.3464 209.477 118.363 160 
159.7 75.1509 209.048 118.363 160 
159.8 74.9554 208.618 118.363 160 
159.9 74.7599 208.189 118.363 160 
160 74.5644 207.76 118.363 160 
160.1 74.3688 207.33 118.363 160 
160.2 74.1732 206.901 118.363 160 
160.3 73.9776 206.472 118.363 160 
160.4 73.7818 206.043 118.363 160 
160.5 73.5858 205.614 118.363 160 
160.6 73.3898 205.186 118.363 160 
160.7 73.1935 204.759 118.363 160 
160.8 72.997 204.331 118.363 160 
160.9 72.8002 203.905 118.363 160 
161 72.6032 203.479 118.363 160 
161.1 72.4059 203.054 118.363 160 
161.2 72.2083 202.629 118.363 160 
161.3 72.0103 202.206 118.363 160 
161.4 71.812 201.783 118.363 160 
161.5 71.6133 201.361 118.363 160 
161.6 71.4141 200.94 118.363 160 
161.7 71.2145 200.52 118.363 160 
161.8 71.0144 200.102 118.363 160 
161.9 70.8138 199.684 118.363 160 
162 70.6127 199.268 118.363 160 
162.1 70.4111 198.853 118.363 160 
162.2 70.2091 198.439 118.363 160 
162.3 70.0066 198.026 118.363 160 
162.4 69.8036 197.614 118.363 160 
162.5 69.6003 197.203 118.363 160 
162.6 69.3966 196.792 118.363 160 
162.7 69.1926 196.383 118.363 160 
162.8 68.9882 195.975 118.363 160 
162.9 68.7836 195.567 118.363 160 
163 68.5788 195.16 118.363 160 
163.1 68.3737 194.754 118.363 160 
163.2 68.1685 194.348 118.363 160 
163.3 67.9631 193.943 118.363 160 
163.4 67.7576 193.538 118.363 160 
163.5 67.552 193.134 118.363 160 
163.6 67.3464 192.73 118.363 160 
163.7 67.1407 192.326 118.363 160 
163.8 66.935 191.923 118.363 160 
163.9 66.7294 191.52 118.363 160 
164 66.5238 191.117 118.363 160 
164.1 66.3183 190.714 118.363 160 
164.2 66.113 190.311 118.363 160 
164.3 65.9078 189.909 118.363 160 
164.4 65.7028 189.506 118.363 160 
164.5 65.498 189.103 118.363 160 
164.6 65.2935 188.7 118.363 160 
164.7 65.0893 188.297 118.363 160 
164.8 64.8854 187.893 118.363 160 
164.9 64.6818 187.489 118.363 160 
165 64.4786 187.085 118.363 160 
165.1 64.2758 186.681 118.363 160 
165.2 64.0734 186.276 118.363 160 
165.3 63.8715 185.87 118.363 160 
165.4 63.6699 185.465 118.363 160 
165.5 63.4686 185.059 118.363 160 
165.6 63.2677 184.652 118.363 160 
165.7 63.067 184.246 118.363 160 
165.8 62.8667 183.84 118.363 160 
165.9 62.6666 183.433 118.363 160 
166 62.4667 183.027 118.363 160 
166.1 62.2669 182.62 118.363 160 
166.2 62.0674 182.214 118.363 160 
166.3 61.868 181.808 118.363 160 
166.4 61.6687 181.402 118.363 160 
166.5 61.4695 180.997 118.363 160 
166.6 61.2703 180.592 118.363 160 
166.7 61.0712 180.188 118.363 160 
166.8 60.872 179.784 118.363 160 
166.9 60.6729 179.381 118.363 160 
167 60.4737 178.978 118.363 160 
167.1 60.2744 178.576 118.363 160 
167.2 60.075 178.175 118.363 160 
167.3 59.8755 177.774 118.363 160 
167.4 59.6759 177.375 118.363 160 
167.5 59.476 176.976 118.363 160 
167.6 59.2759 176.579 118.363 160 
167.7 59.0756 176.182 118.363 160 
167.8 58.8751 175.787 118.363 160 
167.9 58.6742 175.393 118.363 160 
168 58.4731 175 118.363 160 
168.1 58.2716 174.608 118.363 160 
168.2 58.0697 174.217 118.363 160 
168.3 57.8674 173.828 118.363 160 
168.4 57.6647 173.44 118.363 160 
168.5 57.4616 173.054 118.363 160 
168.6 57.2582 172.668 118.363 160 
168.7 57.0544 172.284 118.363 160 
168.8 56.8503 171.901 118.363 160 
168.9 56.646 171.519 118.363 160 
169 56.4413 171.139 118.363 160 
169.1 56.2365 170.759 118.363 160 
169.2 56.0315 170.381 118.363 160 
169.3 55.8263 170.003 118.363 160 
169.4 55.621 169.626 118.363 160 
169.5 55.4157 169.25 118.363 160 
169.6 55.2102 168.875 118.363 160 
169.7 55.0047 168.501 118.363 160 
169.8 54.7993 168.127 118.363 160 
169.9 54.5938 167.754 118.363 160 
170 54.3884 167.382 118.363 160 
170.1 54.1832 167.01 118.363 160 
170.2 53.978 166.639 118.363 160 
170.3 53.773 166.268 118.363 160 
170.4 53.5682 165.897 118.363 160 
170.5 53.3636 165.527 118.363 160 
170.6 53.1593 165.158 118.363 160 
170.7 52.9552 164.788 118.363 160 
170.8 52.7515 164.419 118.363 160 
170.9 52.5481 164.05 118.363 160 
171 52.345 163.681 118.363 160 
171.1 52.1424 163.312 118.363 160 
171.2 51.9402 162.943 118.363 160 
171.3 51.7384 162.575 118.363 160 
171.4 51.5371 162.206 118.363 160 
171.5 51.3363 161.837 118.363 160 
171.6 51.1361 161.468 118.363 160 
171.7 50.9363 161.098 118.363 160 
171.8 50.737 160.729 118.363 160 
171.9 50.5382 160.36 118.363 160 
172 50.3398 159.991 118.363 160 
172.1 50.1418 159.622 118.363 160 
172.2 49.9442 159.253 118.363 160 
172.3 49.747 158.884 118.363 160 
172.4 49.55 158.516 118.363 160 
172.5 49.3534 158.148 118.363 160 
172.6 49.157 157.78 118.363 160 
172.7 48.9609 157.413 118.363 160 
172.8 48.765 157.046 118.363 160 
172.9 48.5693 156.68 118.363 160 
173 48.3738 156.315 118.363 160 
173.1 48.1784 155.95 118.363 160 
173.2 47.9832 155.586 118.363 160 
173.3 47.788 155.223 118.363 160 
173.4 47.5929 154.86 118.363 160 
173.5 47.3978 154.499 118.363 160 
173.6 47.2028 154.138 118.363 160 
173.7 47.0077 153.778 118.363 160 
173.8 46.8126 153.42 118.363 160 
173.9 46.6174 153.062 118.363 160 
174 46.4222 152.706 118.363 160 
174.1 46.2268 152.35 118.363 160 
174.2 46.0313 151.996 118.363 160 
174.3 45.8356 151.643 118.363 160 
174.4 45.6397 151.292 118.363 160 
174.5 45.4436 150.941 118.363 160 
174.6 45.2472 150.592 118.363 160 
174.7 45.0506 150.244 118.363 160 
174.8 44.8536 149.898 118.363 160 
174.9 44.6564 149.553 118.363 160 
175 44.459 149.21 118.363 160 
175.1 44.2613 148.867 118.363 160 
175.2 44.0635 148.526 118.363 160 
175.3 43.8655 148.186 118.363 160 
175.4 43.6674 147.847 118.363 160 
175.5 43.4692 147.51 118.363 160 
175.6 43.2709 147.173 118.363 160 
175.7 43.0726 146.838 118.363 160 
175.8 42.8743 146.503 118.363 160 
175.9 42.676 146.17 118.363 160 
176 42.4778 145.837 118.363 160 
176.1 42.2796 145.505 118.363 160 
176.2 42.0816 145.174 118.363 160 
176.3 41.8837 144.844 118.363 160 
176.4 41.686 144.515 118.363 160 
176.5 41.4885 144.186 118.363 160 
176.6 41.2913 143.858 118.363 160 
176.7 41.0943 143.53 118.363 160 
176.8 40.8976 143.204 118.363 160 
176.9 40.7012 142.877 118.363 160 
177 40.5052 142.551 118.363 160 
177.1 40.3096 142.226 118.363 160 
177.2 40.1143 141.901 118.363 160 
177.3 39.9195 141.577 118.363 160 
177.4 39.7252 141.252 118.363 160 
177.5 39.5313 140.928 118.363 160 
177.6 39.338 140.605 118.363 160 
177.7 39.1452 140.281 118.363 160 
177.8 38.9529 139.958 118.363 160 
177.9 38.7612 139.635 118.363 160 
178 38.5701 139.311 118.363 160 
178.1 38.3796 138.988 118.363 160 
178.2 38.1898 138.665 118.363 160 
178.3 38.0005 138.342 118.363 160 
178.4 37.8117 138.019 118.363 160 
178.5 37.6235 137.697 118.363 160 
178.6 37.4358 137.375 118.363 160 
178.7 37.2486 137.053 118.363 160 
178.8 37.0618 136.731 118.363 160 
178.9 36.8755 136.41 118.363 160 
179 36.6895 136.089 118.363 160 
179.1 36.504 135.769 118.363 160 
179.2 36.3188 135.45 118.363 160 
179.3 36.134 135.131 118.363 160 
179.4 35.9495 134.812 118.363 160 
179.5 35.7653 134.495 118.363 160 
179.6 35.5813 134.178 118.363 160 
179.7 35.3976 133.861 118.363 160 
179.8 35.2141 133.546 118.363 160 
179.9 35.0308 133.232 118.363 160 
180 34.8476 132.918 118.363 160 
180.1 34.6646 132.606 118.363 160 
180.2 34.4817 132.294 118.363 160 
180.3 34.2989 131.983 118.363 160 
180.4 34.1162 131.674 118.363 160 
180.5 33.9336 131.365 118.363 160 
180.6 33.7509 131.058 118.363 160 
180.7 33.5683 130.752 118.363 160 
180.8 33.3856 130.446 118.363 160 
180.9 33.2028 130.143 118.363 160 
181 33.02 129.84 118.363 160 
181.1 32.8371 129.539 118.363 160 
181.2 32.6541 129.238 118.363 160 
181.3 32.4709 128.94 118.363 160 
181.4 32.2876 128.642 118.363 160 
181.5 32.1042 128.346 118.363 160 
181.6 31.9207 128.05 118.363 160 
181.7 31.7372 127.757 118.363 160 
181.8 31.5537 127.464 118.363 160 
181.9 31.3702 127.172 118.363 160 
182 31.1868 126.881 118.363 160 
182.1 31.0034 126.592 118.363 160 
182.2 30.8201 126.303 118.363 160 
182.3 30.637 126.016 118.363 160 
182.4 30.454 125.729 118.363 160 
182.5 30.2711 125.443 118.363 160 
182.6 30.0885 125.158 118.363 160 
182.7 29.9062 124.874 118.363 160 
182.8 29.7241 124.591 118.363 160 
182.9 29.5423 124.308 118.363 160 
183 29.3608 124.026 118.363 160 
183.1 29.1796 123.745 118.363 160 
183.2 28.9988 123.465 118.363 160 
183.3 28.8184 123.185 118.363 160 
183.4 28.6385 122.906 118.363 160 
183.5 28.4589 122.627 118.363 160 
183.6 28.2799 122.349 118.363 160 
183.7 28.1013 122.071 118.363 160 
183.8 27.9232 121.794 118.363 160 
183.9 27.7456 121.517 118.363 160 
184 27.5686 121.241 118.363 160 
184.1 27.3922 120.964 118.363 160 
184.2 27.2163 120.689 118.363 160 
184.3 27.0411 120.413 118.363 160 
184.4 26.8665 120.138 118.363 160 
184.5 26.6925 119.862 118.363 160 
184.6 26.5192 119.587 118.363 160 
184.7 26.3464 119.313 118.363 160 
184.8 26.1743 119.038 118.363 160 
184.9 26.0027 118.764 118.363 160 
185 25.8316 118.491 118.363 160 
185.1 25.661 118.218 118.363 160 
185.2 25.491 117.945 118.363 160 
185.3 25.3214 117.673 118.363 160 
185.4 25.1523 117.401 118.363 160 
185.5 24.9837 117.13 118.363 160 
185.6 24.8154 116.859 118.363 160 
185.7 24.6475 116.59 118.363 160 
185.8 24.48 116.321 118.363 160 
185.9 24.3129 116.052 118.363 160 
186 24.1461 115.785 118.363 160 
186.1 23.9796 115.518 118.363 160 
186.2 23.8133 115.252 118.363 160 
186.3 23.6474 114.987 118.363 160 
186.4 23.4816 114.722 118.363 160 
186.5 23.3161 114.459 118.363 160 
186.6 23.1508 114.197 118.363 160 
186.7 22.9857 113.935 118.363 160 
186.8 22.8207 113.675 118.363 160 
186.9 22.6558 113.415 118.363 160 
187 22.4911 113.157 118.363 160 
187.1 22.3264 112.9 118.363 160 
187.2 22.1618 112.643 118.363 160 
187.3 21.9973 112.388 118.363 160 
187.4 21.8327 112.134 118.363 160 
187.5 21.6682 111.881 118.363 160 
187.6 21.5036 111.63 118.363 160 
187.7 21.339 111.379 118.363 160 
187.8 21.1744 111.13 118.363 160 
187.9 21.0097 110.881 118.363 160 
188 20.8451 110.634 118.363 160 
188.1 20.6806 110.388 118.363 160 
188.2 20.5161 110.143 118.363 160 
188.3 20.3517 109.899 118.363 160 
188.4 20.1875 109.656 118.363 160 
188.5 20.0234 109.414 118.363 160 
188.6 19.8595 109.173 118.363 160 
188.7 19.6958 108.932 118.363 160 
188.8 19.5323 108.693 118.363 160 
188.9 19.3691 108.455 118.363 160 
189 19.2061 108.217 118.363 160 
189.1 19.0434 107.98 118.363 160 
189.2 18.8811 107.744 118.363 160 
189.3 18.7191 107.509 118.363 160 
189.4 18.5574 107.274 118.363 160 
189.5 18.3962 107.04 118.363 160 
189.6 18.2353 106.807 118.363 160 
189.7 18.0749 106.574 118.363 160 
189.8 17.9149 106.342 118.363 160 
189.9 17.7554 106.11 118.363 160 
190 17.5963 105.88 118.363 160 
190.1 17.4378 105.649 118.363 160 
190.2 17.2797 105.419 118.363 160 
190.3 17.1223 105.19 118.363 160 
190.4 16.9653 104.961 118.363 160 
190.5 16.809 104.732 118.363 160 
190.6 16.6532 104.504 118.363 160 
190.7 16.498 104.276 118.363 160 
190.8 16.3434 104.048 118.363 160 
190.9 16.1895 103.82 118.363 160 
191 16.0362 103.593 118.363 160 
191.1 15.8835 103.366 118.363 160 
191.2 15.7314 103.14 118.363 160 
191.3 15.5799 102.914 118.363 160 
191.4 15.429 102.688 118.363 160 
191.5 15.2786 102.462 118.363 160 
191.6 15.1288 102.237 118.363 160 
191.7 14.9795 102.013 118.363 160 
191.8 14.8307 101.789 118.363 160 
191.9 14.6824 101.565 118.363 160 
192 14.5345 101.342 118.363 160 
192.1 14.3871 101.12 118.363 160 
192.2 14.2401 100.898 118.363 160 
192.3 14.0936 100.677 118.363 160 
192.4 13.9474 100.456 118.363 160 
192.5 13.8016 100.237 118.363 160 
192.6 13.6561 100.018 118.363 160 
192.7 13.511 99.7994 118.363 160 
192.8 13.3662 99.5819 118.363 160 
192.9 13.2217 99.3652 118.363 160 
193 13.0775 99.1493 118.363 160 
193.1 12.9335 98.9342 118.363 160 
193.2 12.7898 98.7199 118.363 160 
193.3 12.6463 98.5066 118.363 160 
193.4 12.503 98.2941 118.363 160 
193.5 12.3599 98.0825 118.363 160 
193.6 12.217 97.8719 118.363 160 
193.7 12.0742 97.6622 118.363 160 
193.8 11.9315 97.4534 118.363 160 
193.9 11.789 97.2456 118.363 160 
194 11.6465 97.0388 118.363 160 
194.1 11.5041 96.8329 118.363 160 
194.2 11.3618 96.6281 118.363 160 
194.3 11.2195 96.4242 118.363 160 
194.4 11.0774 96.2213 118.363 160 
194.5 10.9353 96.0193 118.363 160 
194.6 10.7934 95.8182 118.363 160 
194.7 10.6516 95.6181 118.363 160 
194.8 10.51 95.4188 118.363 160 
194.9 10.3687 95.2204 118.363 160 
195 10.2275 95.0228 118.363 160 
195.1 10.0866 94.826 118.363 160 
195.2 9.94591 94.63 118.363 160 
195.3 9.80553 94.4348 118.363 160 
195.4 9.66544 94.2403 118.363 160 
195.5 9.52567 94.0466 118.363 160 
195.6 9.38623 93.8536 118.363 160 
195.7 9.24715 93.6612 118.363 160 
195.8 9.10844 93.4695 118.363 160 
195.9 8.97012 93.2785 118.363 160 
196 8.8322 93.0881 118.363 160 
196.1 8.6947 92.8982 118.363 160 
196.2 8.55764 92.709 118.363 160 
196.3 8.42103 92.5202 118.363 160 
196.4 8.28489 92.332 118.363 160 
196.5 8.14923 92.1443 118.363 160 
196.6 8.01406 91.9571 118.363 160 
196.7 7.87941 91.7703 118.363 160 
196.8 7.74527 91.5839 118.363 160 
196.9 7.61166 91.398 118.363 160 
197 7.4786 91.2124 118.363 160 
197.1 7.3461 91.0272 118.363 160 
197.2 7.21416 90.8423 118.363 160 
197.3 7.08279 90.6577 118.363 160 
197.4 6.95201 90.4734 118.363 160 
197.5 6.82182 90.2893 118.363 160 
197.6 6.69221 90.1056 118.363 160 
197.7 6.56316 89.9221 118.363 160 
197.8 6.43467 89.739 118.363 160 
197.9 6.30672 89.5563 118.363 160 
198 6.17929 89.3739 118.363 160 
198.1 6.05237 89.192 118.363 160 
198.2 5.92595 89.0104 118.363 160 
198.3 5.80002 88.8294 118.363 160 
198.4 5.67455 88.6488 118.363 160 
198.5 5.54954 88.4687 118.363 160 
198.6 5.42497 88.2892 118.363 160 
198.7 5.30082 88.1102 118.363 160 
198.8 5.17708 87.9318 118.363 160 
198.9 5.05373 87.7539 118.363 160 
199 4.93077 87.5767 118.363 160 
199.1 4.80817 87.4001 118.363 160 
199.2 4.68591 87.2241 118.363 160 
199.3 4.56399 87.0488 118.363 160 
199.4 4.44239 86.8742 118.363 160 
199.5 4.3211 86.7002 118.363 160 
199.6 4.20009 86.527 118.363 160 
199.7 4.07935 86.3545 118.363 160 
199.8 3.95886 86.1827 118.363 160 
199.9 3.83862 86.0117 118.363 160 
200 3.7186 85.8414 118.363 160 
200.1 3.59879 85.672 118.363 160 
200.2 3.47917 85.5033 118.363 160 
200.3 3.35973 85.3353 118.363 160 
200.4 3.24045 85.1682 118.363 160 
200.5 3.12132 85.0019 118.363 160 
200.6 3.00231 84.8364 118.363 160 
200.7 2.88342 84.6718 118.363 160 
200.8 2.76466 84.5079 118.363 160 
200.9 2.64605 84.3449 118.363 160 
201 2.52761 84.1826 118.363 160 
201.1 2.40935 84.0211 118.363 160 
201.2 2.29129 83.8603 118.363 160 
201.3 2.17344 83.7003 118.363 160 
201.4 2.05582 83.541 118.363 160 
201.5 1.93846 83.3823 118.363 160 
201.6 1.82135 83.2244 118.363 160 
201.7 1.70453 83.0672 118.363 160 
201.8 1.588 82.9106 118.363 160 
201.9 1.47178 82.7546 118.363 160 
202 1.35588 82.5992 118.363 160 
202.1 1.24032 82.4445 118.363 160 
202.2 1.12511 82.2903 118.363 160 
202.3 1.01027 82.1367 118.363 160 
202.4 0.895801 81.9836 118.363 160 
202.5 0.781723 81.8311 118.363 160 
202.6 0.668047 81.6791 118.363 160 
202.7 0.554783 81.5276 118.363 160 
202.8 0.441943 81.3765 118.363 160 
202.9 0.329538 81.2259 118.363 160 
203 0.217578 81.0757 118.363 160 
203.1 0.106072 80.926 118.363 160 
203.2 0 80.7766 118.363 160 
203.3 0 80.6277 118.363 160 
203.4 0 80.4791 118.363 160 
203.5 0 80.3308 118.363 160 
203.6 0 80.1829 118.363 160 
203.7 0 80.0352 118.363 160 
203.8 0 79.8879 118.363 160 
203.9 0 79.7408 118.363 160 
204 0 79.5939 118.363 160 
204.1 0 79.4473 118.363 160 
204.2 0 79.3009 118.363 160 
204.3 0 79.1549 118.363 160 
204.4 0 79.009 118.363 160 
204.5 0 78.8635 118.363 160 
204.6 0 78.7184 118.363 160 
204.7 0 78.5735 118.363 160 
204.8 0 78.4291 118.363 160 
204.9 0 78.285 118.363 160 
205 0 78.1413 118.363 160 
205.1 0 77.9981 118.363 160 
205.2 0 77.8552 118.363 160 
205.3 0 77.7129 118.363 160 
205.4 0 77.571 118.363 160 
205.5 0 77.4296 118.363 160 
205.6 0 77.2886 118.363 160 
205.7 0 77.1482 118.363 160 
205.8 0 77.0083 118.363 160 
205.9 0 76.869 118.363 160 
206 0 76.7302 118.363 160 
206.1 0 76.592 118.363 160 
206.2 0 76.4543 118.363 160 
206.3 0 76.3173 118.363 160 
206.4 0 76.1808 118.363 160 
206.5 0 76.0449 118.363 160 
206.6 0 75.9097 118.363 160 
206.7 0 75.7751 118.363 160 
206.8 0 75.6411 118.363 160 
206.9 0 75.5077 118.363 160 
207 0 75.375 118.363 160 
207.1 0 75.243 118.363 160 
207.2 0 75.1116 118.363 160 
207.3 0 74.9808 118.363 160 
207.4 0 74.8508 118.363 160 
207.5 0 74.7213 118.363 160 
207.6 0 74.5926 118.363 160 
207.7 0 74.4644 118.363 160 
207.8 0 74.3369 118.363 160 
207.9 0 74.21 118.363 160 
208 0 74.0837 118.363 160 
208.1 0 73.958 118.363 160 
208.2 0 73.8328 118.363 160 
208.3 0 73.7082 118.363 160 
208.4 0 73.5842 118.363 160 
208.5 0 73.4607 118.363 160 
208.6 0 73.3377 118.363 160 
208.7 0 73.2152 118.363 160 
208.8 0 73.0932 118.363 160 
208.9 0 72.9717 118.363 160 
209 0 72.8507 118.363 160 
209.1 0 72.7301 118.363 160 
209.2 0 72.61 118.363 160 
209.3 0 72.4903 118.363 160 
209.4 0 72.371 118.363 160 
209.5 0 72.2521 118.363 160 
209.6 0 72.1336 118.363 160 
209.7 0 72.0154 118.363 160 
209.8 0 71.8977 118.363 160 
209.9 0 71.7802 118.363 160 
210 0 71.6631 118.363 160 
210.1 0 71.5463 118.363 160 
210.2 0 71.4298 118.363 160 
210.3 0 71.3135 118.363 160 
210.4 0 71.1976 118.363 160 
210.5 0 71.0819 118.363 160 
210.6 0 70.9664 118.363 160 
210.7 0 70.8511 118.363 160 
210.8 0 70.7361 118.363 160 
210.9 0 70.6213 118.363 160 
211 0 70.5068 118.363 160 
211.1 0 70.3926 118.363 160 
211.2 0 70.2787 118.363 160 
211.3 0 70.1651 118.363 160 
211.4 0 70.0518 118.363 160 
211.5 0 69.9389 118.363 160 
211.6 0 69.8263 118.363 160 
211.7 0 69.7141 118.363 160 
211.8 0 69.6022 118.363 160 
211.9 0 69.4907 118.363 160 
212 0 69.3797 118.363 160 
212.1 0 69.269 118.363 160 
212.2 0 69.1588 118.363 160 
212.3 0 69.049 118.363 160 
212.4 0 68.9396 118.363 160 
212.5 0 68.8307 118.363 160 
212.6 0 68.7223 118.363 160 
212.7 0 68.6143 118.363 160 
212.8 0 68.5068 118.363 160 
212.9 0 68.3998 118.363 160 
213 0 68.2932 118.363 160 
213.1 0 68.1872 118.363 160 
213.2 0 68.0817 118.363 160 
213.3 0 67.9766 118.363 160 
213.4 0 67.8721 118.363 160 
213.5 0 67.7681 118.363 160 
213.6 0 67.6646 118.363 160 
213.7 0 67.5617 118.363 160 
213.8 0 67.4592 118.363 160 
213.9 0 67.3573 118.363 160 
214 0 67.256 118.363 160 
214.1 0 67.1551 118.363 160 
214.2 0 67.0548 118.363 160 
214.3 0 66.955 118.363 160 
214.4 0 66.8556 118.363 160 
214.5 0 66.7568 118.363 160 
214.6 0 66.6585 118.363 160 
214.7 0 66.5606 118.363 160 
214.8 0 66.4632 118.363 160 
214.9 0 66.3662 118.363 160 
215 0 66.2697 118.363 160 
215.1 0 66.1737 118.363 160 
215.2 0 66.078 118.363 160 
215.3 0 65.9828 118.363 160 
215.4 0 65.888 118.363 160 
215.5 0 65.7936 118.363 160 
215.6 0 65.6996 118.363 160 
215.7 0 65.6059 118.363 160 
215.8 0 65.5126 118.363 160 
215.9 0 65.4197 118.363 160 
216 0 65.3271 118.363 160 
216.1 0 65.2349 118.363 160 
216.2 0 65.143 118.363 160 
216.3 0 65.0513 118.363 160 
216.4 0 64.96 118.363 160 
216.5 0 64.869 118.363 160 
216.6 0 64.7783 118.363 160 
216.7 0 64.6878 118.363 160 
216.8 0 64.5976 118.363 160 
216.9 0 64.5076 118.363 160 
217 0 64.4179 118.363 160 
217.1 0 64.3284 118.363 160 
217.2 0 64.2391 118.363 160 
217.3 0 64.15 118.363 160 
217.4 0 64.0611 118.363 160 
217.5 0 63.9724 118.363 160 
217.6 0 63.884 118.363 160 
217.7 0 63.7958 118.363 160 
217.8 0 63.7078 118.363 160 
217.9 0 63.6202 118.363 160 
218 0 63.5328 118.363 160 
218.1 0 63.4457 118.363 160 
218.2 0 63.3589 118.363 160 
218.3 0 63.2724 118.363 160 
218.4 0 63.1862 118.363 160 
218.5 0 63.1003 118.363 160 
218.6 0 63.0147 118.363 160 
218.7 0 62.9295 118.363 160 
218.8 0 62.8447 118.363 160 
218.9 0 62.7602 118.363 160 
219 0 62.676 118.363 160 
219.1 0 62.5922 118.363 160 
219.2 0 62.5088 118.363 160 
219.3 0 62.4257 118.363 160 
219.4 0 62.3431 118.363 160 
219.5 0 62.2608 118.363 160 
219.6 0 62.1789 118.363 160 
219.7 0 62.0974 118.363 160 
219.8 0 62.0163 118.363 160 
219.9 0 61.9356 118.363 160 
220 0 61.8554 118.363 160 
220.1 0 61.7755 118.363 160 
220.2 0 61.696 118.363 160 
220.3 0 61.617 118.363 160 
220.4 0 61.5383 118.363 160 
220.5 0 61.4601 118.363 160 
220.6 0 61.3823 118.363 160 
220.7 0 61.3049 118.363 160 
220.8 0 61.2279 118.363 160 
220.9 0 61.1513 118.363 160 
221 0 61.0751 118.363 160 
221.1 0 60.9992 118.363 160 
221.2 0 60.9238 118.363 160 
221.3 0 60.8487 118.363 160 
221.4 0 60.774 118.363 160 
221.5 0 60.6997 118.363 160 
221.6 0 60.6257 118.363 160 
221.7 0 60.5521 118.363 160 
221.8 0 60.4788 118.363 160 
221.9 0 60.4059 118.363 160 
222 0 60.3332 118.363 160 
222.1 0 60.2609 118.363 160 
222.2 0 60.1889 118.363 160 
222.3 0 60.1172 118.363 160 
222.4 0 60.0458 118.363 160 
222.5 0 59.9747 118.363 160 
222.6 0 59.9039 118.363 160 
222.7 0 59.8333 118.363 160 
222.8 0 59.763 118.363 160 
222.9 0 59.693 118.363 160 
223 0 59.6232 118.363 160 
223.1 0 59.5536 118.363 160 
223.2 0 59.4843 118.363 160 
223.3 0 59.4152 118.363 160 
223.4 0 59.3463 118.363 160 
223.5 0 59.2777 118.363 160 
223.6 0 59.2092 118.363 160 
223.7 0 59.1409 118.363 160 
223.8 0 59.0728 118.363 160 
223.9 0 59.0048 118.363 160 
224 0 58.937 118.363 160 
224.1 0 58.8694 118.363 160 
224.2 0 58.802 118.363 160 
224.3 0 58.7347 118.363 160 
224.4 0 58.6677 118.363 160 
224.5 0 58.6008 118.363 160 
224.6 0 58.5342 118.363 160 
224.7 0 58.4678 118.363 160 
224.8 0 58.4016 118.363 160 
224.9 0 58.3356 118.363 160 
225 0 58.2699 118.363 160 
225.1 0 58.2044 118.363 160 
225.2 0 58.1392 118.363 160 
225.3 0 58.0742 118.363 160 
225.4 0 58.0095 118.363 160 
225.5 0 57.9451 118.363 160 
225.6 0 57.8809 118.363 160 
225.7 0 57.817 118.363 160 
225.8 0 57.7534 118.363 160 
225.9 0 57.6901 118.363 160 
226 0 57.6271 118.363 160 
226.1 0 57.5644 118.363 160 
226.2 0 57.5019 118.363 160 
226.3 0 57.4398 118.363 160 
226.4 0 57.378 118.363 160 
226.5 0 57.3165 118.363 160 
226.6 0 57.2552 118.363 160 
226.7 0 57.1943 118.363 160 
226.8 0 57.1338 118.363 160 
226.9 0 57.0735 118.363 160 
227 0 57.0134 118.363 160 
227.1 0 57.0134 118.363 160 
227.2 0 57.0134 118.363 160 
227.3 0 57.0134 118.363 160 
227.4 0 57.0134 118.363 160 
227.5 0 57.0134 118.363 160 
227.6 0 57.0134 118.363 160 
227.7 0 57.0134 118.363 160 
227.8 0 57.0134 118.363 160 
227.9 0 57.0134 118.363 160 
228 0 57.0134 118.363 160 
228.1 0 57.0134 118.363 160 
228.2 0 57.0134 118.363 160 
228.3 0 57.0134 118.363 160 
228.4 0 57.0134 118.363 160 
228.5 0 57.0134 118.363 160 
228.6 0 57.0134 118.363 160 
228.7 0 57.0134 118.363 160 
228.8 0 57.0134 118.363 160 
228.9 0 57.0134 118.363 160 
229 0 57.0134 118.363 160 
229.1 0 57.0134 118.363 160 
229.2 0 57.0134 118.363 160 
229.3 0 57.0134 118.363 160 
229.4 0 57.0134 118.363 160 
229.5 0 57.0134 118.363 160 
229.6 0 57.0134 118.363 160 
229.7 0 57.0134 118.363 160 
229.8 0 57.0134 118.363 160 
229.9 0 57.0134 118.363 160 
230 0 57.0134 118.363 160 
230.1 0 57.0134 118.363 160 
230.2 0 57.0134 118.363 160 
230.3 0 57.0134 118.363 160 
230.4 0 57.0134 118.363 160 
230.5 0 57.0134 118.363 160 
230.6 0 57.0134 118.363 160 
230.7 0 57.0134 118.363 160 
230.8 0 57.0134 118.363 160 
230.9 0 57.0134 118.363 160 
231 0 57.0134 118.363 160 
231.1 0 57.0134 118.363 160 
231.2 0 57.0134 118.363 160 
231.3 0 57.0134 118.363 160 
231.4 0 57.0134 118.363 160 
231.5 0 57.0134 118.363 160 
231.6 0 57.0134 118.363 160 
231.7 0 57.0134 118.363 160 
231.8 0 57.0134 118.363 160 
231.9 0 57.0134 118.363 160 
232 0 57.0134 118.363 160 
232.1 0 57.0134 118.363 160 
232.2 0 57.0134 118.363 160 
232.3 0 57.0134 118.363 160 
232.4 0 57.0134 118.363 160 
232.5 0 57.0134 118.363 160 
232.6 0 57.0134 118.363 160 
232.7 0 57.0134 118.363 160 
232.8 0 57.0134 118.363 160 
232.9 0 57.0134 118.363 160 
233 0 57.0134 118.363 160 
233.1 0 57.0134 118.363 160 
233.2 0 57.0134 118.363 160 
233.3 0 57.0134 118.363 160 
233.4 0 57.0134 118.363 160 
233.5 0 57.0134 118.363 160 
233.6 0 57.0134 118.363 160 
233.7 0 57.0134 118.363 160 
233.8 0 57.0134 118.363 160 
233.9 0 57.0134 118.363 160 
234 0 57.0134 118.363 160 
234.1 0 57.0134 118.363 160 
234.2 0 57.0134 118.363 160 
234.3 0 57.0134 118.363 160 
234.4 0 57.0134 118.363 160 
234.5 0 57.0134 118.363 160 
234.6 0 57.0134 118.363 160 
234.7 0 57.0134 118.363 160 
234.8 0 57.0134 118.363 160 
234.9 0 57.0134 118.363 160 
235 0 57.0134 118.363 160 
235.1 0 57.0134 118.363 160 
235.2 0 57.0134 118.363 160 
235.3 0 57.0134 118.363 160 
235.4 0 57.0134 118.363 160 
235.5 0 57.0134 118.363 160 
235.6 0 57.0134 118.363 160 
235.7 0 57.0134 118.363 160 
235.8 0 57.0134 118.363 160 
235.9 0 57.0134 118.363 160 
236 0 57.0134 118.363 160 
236.1 0 57.0134 118.363 160 
236.2 0 57.0134 118.363 160 
236.3 0 57.0134 118.363 160 
236.4 0 57.0134 118.363 160 
236.5 0 57.0134 118.363 160 
236.6 0 57.0134 118.363 160 
236.7 0 57.0134 118.363 160 
236.8 0 57.0134 118.363 160 
236.9 0 57.0134 118.363 160 
237 0 57.0134 118.363 160 
237.1 0 57.0134 118.363 160 
237.2 0 57.0134 118.363 160 
237.3 0 57.0134 118.363 160 
237.4 0 57.0134 118.363 160 
237.5 0 57.0134 118.363 160 
237.6 0 57.0134 118.363 160 
237.7 0 57.0134 118.363 160 
237.8 0 57.0134 118.363 160 
237.9 0 57.0134 118.363 160 
238 0 57.0134 118.363 160 
238.1 0 57.0134 118.363 160 
238.2 0 57.0134 118.363 160 
238.3 0 57.0134 118.363 160 
238.4 0 57.0134 118.363 160 
238.5 0 57.0134 118.363 160 
238.6 0 57.0134 118.363 160 
238.7 0 57.0134 118.363 160 
238.8 0 57.0134 118.363 160 
238.9 0 57.0134 118.363 160 
239 0 57.0134 118.363 160 
239.1 0 57.0134 118.363 160 
239.2 0 57.0134 118.363 160 
239.3 0 57.0134 118.363 160 
239.4 0 57.0134 118.363 160 
239.5 0 57.0134 118.363 160 
239.6 0 57.0134 118.363 160 
239.7 0 57.0134 118.363 160 
239.8 0 57.0134 118.363 160 
239.9 0 57.0134 118.363 160 
240 0 57.0134 118.363 160 
240.1 0 57.0134 118.363 160 
240.2 0 57.0134 118.363 160 
240.3 0 57.0134 118.363 160 
240.4 0 57.0134 118.363 160 
240.5 0 57.0134 118.363 160 
240.6 0 57.0134 118.363 160 
240.7 0 57.0134 118.363 160 
240.8 0 57.0134 118.363 160 
240.9 0 57.0134 118.363 160 
241 0 57.0134 118.363 160 
241.1 0 57.0134 118.363 160 
241.2 0 57.0134 118.363 160 
241.3 0 57.0134 118.363 160 
241.4 0 57.0134 118.363 160 
241.5 0 57.0134 118.363 160 
241.6 0 57.0134 118.363 160 
241.7 0 57.0134 118.363 160 
241.8 0 57.0134 118.363 160 
241.9 0 57.0134 118.363 160 
242 0 57.0134 118.363 160 
242.1 0 57.0134 118.363 160 
242.2 0 57.0134 118.363 160 
242.3 0 57.0134 118.363 160 
242.4 0 57.0134 118.363 160 
242.5 0 57.0134 118.363 160 
242.6 0 57.0134 118.363 160 
242.7 0 57.0134 118.363 160 
242.8 0 57.0134 118.363 160 
242.9 0 57.0134 118.363 160 
243 0 57.0134 118.363 160 
243.1 0 57.0134 118.363 160 
243.2 0 57.0134 118.363 160 
243.3 0 57.0134 118.363 160 
243.4 0 57.0134 118.363 160 
243.5 0 57.0134 118.363 160 
243.6 0 57.0134 118.363 160 
243.7 0 57.0134 118.363 160 
243.8 0 57.0134 118.363 160 
243.9 0 57.0134 118.363 160 
244 0 57.0134 118.363 160 
244.1 0 57.0134 118.363 160 
244.2 0 57.0134 118.363 160 
244.3 0 57.0134 118.363 160 
244.4 0 57.0134 118.363 160 
244.5 0 57.0134 118.363 160 
244.6 0 57.0134 118.363 160 
244.7 0 57.0134 118.363 160 
244.8 0 57.0134 118.363 160 
244.9 0 57.0134 118.363 160 
245 0 57.0134 118.363 160 
245.1 0 57.0134 118.363 160 
245.2 0 57.0134 118.363 160 
245.3 0 57.0134 118.363 160 
245.4 0 57.0134 118.363 160 
245.5 0 57.0134 118.363 160 
245.6 0 57.0134 118.363 160 
245.7 0 57.0134 118.363 160 
245.8 0 57.0134 118.363 160 
245.9 0 57.0134 118.363 160 
246 0 57.0134 118.363 160 
246.1 0 57.0134 118.363 160 
246.2 0 57.0134 118.363 160 
246.3 0 57.0134 118.363 160 
246.4 0 57.0134 118.363 160 
246.5 0 57.0134 118.363 160 
246.6 0 57.0134 118.363 160 
246.7 0 57.0134 118.363 160 
246.8 0 57.0134 118.363 160 
246.9 0 57.0134 118.363 160 
247 0 57.0134 118.363 160 
247.1 0 57.0134 118.363 160 
247.2 0 57.0134 118.363 160 
247.3 0 57.0134 118.363 160 
247.4 0 57.0134 118.363 160 
247.5 0 57.0134 118.363 160 
247.6 0 57.0134 118.363 160 
247.7 0 57.0134 118.363 160 
247.8 0 57.0134 118.363 160 
247.9 0 57.0134 118.363 160 
248 0 57.0134 118.363 160 
248.1 0 57.0134 118.363 160 
248.2 0 57.0134 118.363 160 
248.3 0 57.0134 118.363 160 
248.4 0 57.0134 118.363 160 
248.5 0 57.0134 118.363 160 
248.6 0 57.0134 118.363 160 
248.7 0 57.0134 118.363 160 
248.8 0 57.0134 118.363 160 
248.9 0 57.0134 118.363 160 
249 0 57.0134 118.363 160 
249.1 0 57.0134 118.363 160 
249.2 0 57.0134 118.363 160 
249.3 0 57.0134 118.363 160 
249.4 0 57.0134 118.363 160 
249.5 0 57.0134 118.363 160 
249.6 0 57.0134 118.363 160 
249.7 0 57.0134 118.363 160 
249.8 0 57.0134 118.363 160 
249.9 0 57.0134 118.363 160 
250 0 57.0134 118.363 160 
250.1 0 57.0134 118.363 160 
250.2 0 57.0134 118.363 160 
250.3 0 57.0134 118.363 160 
250.4 0 57.0134 118.363 160 
250.5 0 57.0134 118.363 160 
250.6 0 57.0134 118.363 160 
250.7 0 57.0134 118.363 160 
250.8 0 57.0134 118.363 160 
250.9 0 57.0134 118.363 160 
251 0 57.0134 118.363 160 
251.1 0 57.0134 118.363 160 
251.2 0 57.0134 118.363 160 
251.3 0 57.0134 118.363 160 
251.4 0 57.0134 118.363 160 
251.5 0 57.0134 118.363 160 
251.6 0 57.0134 118.363 160 
251.7 0 57.0134 118.363 160 
251.8 0 57.0134 118.363 160 
251.9 0 57.0134 118.363 160 
252 0 57.0134 118.363 160 
252.1 0 57.0134 118.363 160 
252.2 0 57.0134 118.363 160 
252.3 0 57.0134 118.363 160 
252.4 0 57.0134 118.363 160 
252.5 0 57.0134 118.363 160 
252.6 0 57.0134 118.363 160 
252.7 0 57.0134 118.363 160 
252.8 0 57.0134 118.363 160 
252.9 0 57.0134 118.363 160 
253 0 57.0134 118.363 160 
253.1 0 57.0134 118.363 160 
253.2 0 57.0134 118.363 160 
253.3 0 57.0134 118.363 160 
253.4 0 57.0134 118.363 160 
253.5 0 57.0134 118.363 160 
253.6 0 57.0134 118.363 160 
253.7 0 57.0134 118.363 160 
253.8 0 57.0134 118.363 160 
253.9 0 57.0134 118.363 160 
254 0 57.0134 118.363 160 
254.1 0 57.0134 118.363 159.99 
254.2 0 57.0134 118.363 159.93 
254.3 0 57.0134 118.363 159.869 
254.4 0 57.0134 118.363 159.808 
254.5 0 57.0134 118.363 159.746 
254.6 0 57.0134 118.363 159.685 
254.7 0 57.0134 118.363 159.623 
254.8 0 57.0134 118.363 159.56 
254.9 0 57.0134 118.363 159.498 
255 0 57.0134 118.363 159.435 
255.1 0 57.0134 118.363 159.372 
255.2 0 57.0134 118.363 159.308 
255.3 0 57.0134 118.363 159.244 
255.4 0 57.0134 118.363 159.18 
255.5 0 57.0134 118.363 159.116 
255.6 0 57.0134 118.363 159.051 
255.7 0 57.0134 118.363 158.986 
255.8 0 57.0134 118.363 158.921 
255.9 0 57.0134 118.363 158.855 
256 0 57.0134 118.363 158.789 
256.1 0 57.0134 118.363 158.723 
256.2 0 57.0134 118.363 158.657 
256.3 0 57.0134 118.363 158.59 
256.4 0 57.0134 118.363 158.523 
256.5 0 57.0134 118.363 158.456 
256.6 0 57.0134 118.363 158.389 
256.7 0 57.0134 118.363 158.321 
256.8 0 57.0134 118.363 158.253 
256.9 0 57.0134 118.363 158.185 
257 0 57.0134 118.363 158.116 
257.1 0 57.0134 118.363 158.047 
257.2 0 57.0134 118.363 157.978 
257.3 0 57.0134 118.363 157.909 
257.4 0 57.0134 118.363 157.839 
257.5 0 57.0134 118.363 157.769 
257.6 0 57.0134 118.363 157.698 
257.7 0 57.0134 118.363 157.627 
257.8 0 57.0134 118.363 157.556 
257.9 0 57.0134 118.363 157.484 
258 0 57.0134 118.363 157.412 
258.1 0 57.0134 118.363 157.34 
258.2 0 57.0134 118.363 157.267 
258.3 0 57.0134 118.363 157.194 
258.4 0 57.0134 118.363 157.121 
258.5 0 57.0134 118.363 157.047 
258.6 0 57.0134 118.363 156.973 
258.7 0 57.0134 118.363 156.898 
258.8 0 57.0134 118.363 156.823 
258.9 0 57.0134 118.363 156.747 
259 0 57.0134 118.363 156.672 
259.1 0 57.0134 118.363 156.595 
259.2 0 57.0134 118.363 156.519 
259.3 0 57.0134 118.363 156.441 
259.4 0 57.0134 118.363 156.364 
259.5 0 57.0134 118.363 156.286 
259.6 0 57.0134 118.363 156.207 
259.7 0 57.0134 118.363 156.128 
259.8 0 57.0134 118.363 156.049 
259.9 0 57.0134 118.363 155.969 
260 0 57.0134 118.363 155.889 
260.1 0 57.0134 118.363 155.808 
260.2 0 57.0134 118.363 155.727 
260.3 0 57.0134 118.363 155.646 
260.4 0 57.0134 118.363 155.564 
260.5 0 57.0134 118.363 155.482 
260.6 0 57.0134 118.363 155.399 
260.7 0 57.0134 118.363 155.315 
260.8 0 57.0134 118.363 155.232 
260.9 0 57.0134 118.363 155.148 
261 0 57.0134 118.363 155.063 
261.1 0 57.0134 118.363 154.978 
261.2 0 57.0134 118.363 154.893 
261.3 0 57.0134 118.363 154.807 
261.4 0 57.0134 118.363 154.721 
261.5 0 57.0134 118.363 154.634 
261.6 0 57.0134 118.363 154.547 
261.7 0 57.0134 118.363 154.459 
261.8 0 57.0134 118.363 154.372 
261.9 0 57.0134 118.363 154.283 
262 0 57.0134 118.363 154.195 
262.1 0 57.0134 118.363 154.106 
262.2 0 57.0134 118.363 154.016 
262.3 0 57.0134 118.363 153.927 
262.4 0 57.0134 118.363 153.836 
262.5 0 57.0134 118.363 153.746 
262.6 0 57.0134 118.363 153.655 
262.7 0 57.0134 118.363 153.564 
262.8 0 57.0134 118.363 153.473 
262.9 0 57.0134 118.363 153.381 
263 0 57.0134 118.363 153.289 
263.1 0 57.0134 118.363 153.196 
263.2 0 57.0134 118.363 153.103 
263.3 0 57.0134 118.363 153.01 
263.4 0 57.0134 118.363 152.916 
263.5 0 57.0134 118.363 152.822 
263.6 0 57.0134 118.363 152.727 
263.7 0 57.0134 118.363 152.632 
263.8 0 57.0134 118.363 152.537 
263.9 0 57.0134 118.363 152.441 
264 0 57.0134 118.363 152.345 
264.1 0 57.0134 118.363 152.248 
264.2 0 57.0134 118.363 152.151 
264.3 0 57.0134 118.363 152.053 
264.4 0 57.0134 118.363 151.955 
264.5 0 57.0134 118.363 151.856 
264.6 0 57.0134 118.363 151.757 
264.7 0 57.0134 118.363 151.657 
264.8 0 57.0134 118.363 151.556 
264.9 0 57.0134 118.363 151.456 
265 0 57.0134 118.363 151.354 
265.1 0 57.0134 118.363 151.252 
265.2 0 57.0134 118.363 151.15 
265.3 0 57.0134 118.363 151.047 
265.4 0 57.0134 118.363 150.943 
265.5 0 57.0134 118.363 150.839 
265.6 0 57.0134 118.363 150.734 
265.7 0 57.0134 118.363 150.629 
265.8 0 57.0134 118.363 150.523 
265.9 0 57.0134 118.363 150.417 
266 0 57.0134 118.363 150.31 
266.1 0 57.0134 118.363 150.202 
266.2 0 57.0134 118.363 150.094 
266.3 0 57.0134 118.363 149.985 
266.4 0 57.0134 118.363 149.875 
266.5 0 57.0134 118.363 149.765 
266.6 0 57.0134 118.363 149.655 
266.7 0 57.0134 118.363 149.543 
266.8 0 57.0134 118.363 149.431 
266.9 0 57.0134 118.363 149.319 
267 0 57.0134 118.363 149.206 
267.1 0 57.0134 118.363 149.092 
267.2 0 57.0134 118.363 148.978 
267.3 0 57.0134 118.363 148.863 
267.4 0 57.0134 118.363 148.748 
267.5 0 57.0134 118.363 148.632 
267.6 0 57.0134 118.363 148.515 
267.7 0 57.0134 118.363 148.398 
267.8 0 57.0134 118.363 148.28 
267.9 0 57.0134 118.363 148.162 
268 0 57.0134 118.363 148.043 
268.1 0 57.0134 118.363 147.923 
268.2 0 57.0134 118.363 147.803 
268.3 0 57.0134 118.363 147.683 
268.4 0 57.0134 118.363 147.562 
268.5 0 57.0134 118.363 147.44 
268.6 0 57.0134 118.363 147.318 
268.7 0 57.0134 118.363 147.196 
268.8 0 57.0134 118.363 147.073 
268.9 0 57.0134 118.363 146.949 
269 0 57.0134 118.363 146.825 
269.1 0 57.0134 118.363 146.7 
269.2 0 57.0134 118.363 146.575 
269.3 0 57.0134 118.363 146.45 
269.4 0 57.0134 118.363 146.324 
269.5 0 57.0134 118.363 146.198 
269.6 0 57.0134 118.363 146.071 
269.7 0 57.0134 118.363 145.943 
269.8 0 57.0134 118.363 145.816 
269.9 0 57.0134 118.363 145.687 
270 0 57.0134 118.363 145.558 
270.1 0 57.0134 118.363 145.428 
270.2 0 57.0134 118.363 145.298 
270.3 0 57.0134 118.363 145.167 
270.4 0 57.0134 118.363 145.036 
270.5 0 57.0134 118.363 144.904 
270.6 0 57.0134 118.363 144.771 
270.7 0 57.0134 118.363 144.638 
270.8 0 57.0134 118.363 144.504 
270.9 0 57.0134 118.363 144.369 
271 0 57.0134 118.363 144.234 
271.1 0 57.0134 118.363 144.098 
271.2 0 57.0134 118.363 143.961 
271.3 0 57.0134 118.363 143.824 
271.4 0 57.0134 118.363 143.686 
271.5 0 57.0134 118.363 143.547 
271.6 0 57.0134 118.363 143.407 
271.7 0 57.0134 118.363 143.267 
271.8 0 57.0134 118.363 143.126 
271.9 0 57.0134 118.363 142.984 
272 0 57.0134 118.363 142.841 
272.1 0 57.0134 118.363 142.698 
272.2 0 57.0134 118.363 142.553 
272.3 0 57.0134 118.363 142.408 
272.4 0 57.0134 118.363 142.262 
272.5 0 57.0134 118.363 142.116 
272.6 0 57.0134 118.363 141.968 
272.7 0 57.0134 118.363 141.82 
272.8 0 57.0134 118.363 141.671 
272.9 0 57.0134 118.363 141.521 
273 0 57.0134 118.363 141.37 
273.1 0 57.0134 118.363 141.219 
273.2 0 57.0134 118.363 141.066 
273.3 0 57.0134 118.363 140.913 
273.4 0 57.0134 118.363 140.759 
273.5 0 57.0134 118.363 140.604 
273.6 0 57.0134 118.363 140.449 
273.7 0 57.0134 118.363 140.293 
273.8 0 57.0134 118.363 140.135 
273.9 0 57.0134 118.363 139.977 
274 0 57.0134 118.363 139.819 
274.1 0 57.0134 118.363 139.659 
274.2 0 57.0134 118.363 139.499 
274.3 0 57.0134 118.363 139.338 
274.4 0 57.0134 118.363 139.176 
274.5 0 57.0134 118.363 139.014 
274.6 0 57.0134 118.363 138.851 
274.7 0 57.0134 118.363 138.687 
274.8 0 57.0134 118.363 138.522 
274.9 0 57.0134 118.363 138.357 
275 0 57.0134 118.363 138.191 
275.1 0 57.0134 118.363 138.024 
275.2 0 57.0134 118.363 137.857 
275.3 0 57.0134 118.363 137.689 
275.4 0 57.0134 118.363 137.521 
275.5 0 57.0134 118.363 137.352 
275.6 0 57.0134 118.363 137.182 
275.7 0 57.0134 118.363 137.012 
275.8 0 57.0134 118.363 136.841 
275.9 0 57.0134 118.363 136.669 
276 0 57.0134 118.363 136.497 
276.1 0 57.0134 118.363 136.324 
276.2 0 57.0134 118.363 136.151 
276.3 0 57.0134 118.363 135.977 
276.4 0 57.0134 118.363 135.802 
276.5 0 57.0134 118.363 135.626 
276.6 0 57.0134 118.363 135.45 
276.7 0 57.0134 118.363 135.272 
276.8 0 57.0134 118.363 135.094 
276.9 0 57.0134 118.363 134.915 
277 0 57.0134 118.363 134.736 
277.1 0 57.0134 118.363 134.555 
277.2 0 57.0134 118.363 134.374 
277.3 0 57.0134 118.363 134.191 
277.4 0 57.0134 118.363 134.008 
277.5 0 57.0134 118.363 133.824 
277.6 0 57.0134 118.363 133.639 
277.7 0 57.0134 118.363 133.453 
277.8 0 57.0134 118.363 133.266 
277.9 0 57.0134 118.363 133.078 
278 0 57.0134 118.363 132.889 
278.1 0 57.0134 118.363 132.699 
278.2 0 57.0134 118.363 132.508 
278.3 0 57.0134 118.363 132.316 
278.4 0 57.0134 118.363 132.123 
278.5 0 57.0134 118.363 131.928 
278.6 0 57.0134 118.363 131.733 
278.7 0 57.0134 118.363 131.537 
278.8 0 57.0134 118.363 131.34 
278.9 0 57.0134 118.363 131.141 
279 0 57.0134 118.363 130.942 
279.1 0 57.0134 118.363 130.741 
279.2 0 57.0134 118.363 130.539 
279.3 0 57.0134 118.363 130.337 
279.4 0 57.0134 118.363 130.133 
279.5 0 57.0134 118.363 129.928 
279.6 0 57.0134 118.363 129.722 
279.7 0 57.0134 118.363 129.515 
279.8 0 57.0134 118.363 129.307 
279.9 0 57.0134 118.363 129.097 
280 0 57.0134 118.363 128.887 
280.1 0 57.0134 118.363 128.676 
280.2 0 57.0134 118.363 128.463 
280.3 0 57.0134 118.363 128.25 
280.4 0 57.0134 118.363 128.036 
280.5 0 57.0134 118.363 127.82 
280.6 0 57.0134 118.363 127.604 
280.7 0 57.0134 118.363 127.386 
280.8 0 57.0134 118.363 127.168 
280.9 0 57.0134 118.363 126.949 
281 0 57.0134 118.363 126.728 
281.1 0 57.0134 118.363 126.507 
281.2 0 57.0134 118.363 126.285 
281.3 0 57.0134 118.363 126.062 
281.4 0 57.0134 118.363 125.838 
281.5 0 57.0134 118.363 125.613 
281.6 0 57.0134 118.363 125.388 
281.7 0 57.0134 118.363 125.162 
281.8 0 57.0134 118.363 124.935 
281.9 0 57.0134 118.363 124.707 
282 0 57.0134 118.363 124.478 
282.1 0 57.0134 118.363 124.249 
282.2 0 57.0134 118.363 124.019 
282.3 0 57.0134 118.363 123.788 
282.4 0 57.0134 118.363 123.556 
282.5 0 57.0134 118.363 123.324 
282.6 0 57.0134 118.363 123.09 
282.7 0 57.0134 118.363 122.856 
282.8 0 57.0134 118.363 122.621 
282.9 0 57.0134 118.363 122.385 
283 0 57.0134 118.363 122.147 
283.1 0 57.0134 118.363 121.909 
283.2 0 57.0134 118.363 121.67 
283.3 0 57.0134 118.363 121.43 
283.4 0 57.0134 118.363 121.188 
283.5 0 57.0134 118.363 120.946 
283.6 0 57.0134 118.363 120.702 
283.7 0 57.0134 118.363 120.457 
283.8 0 57.0134 118.363 120.211 
283.9 0 57.0134 118.363 119.964 
284 0 57.0134 118.363 119.716 
284.1 0 57.0134 118.363 119.466 
284.2 0 57.0134 118.363 119.215 
284.3 0 57.0134 118.363 118.963 
284.4 0 57.0134 118.363 118.71 
284.5 0 57.0134 118.363 118.455 
284.6 0 57.0134 118.363 118.199 
284.7 0 57.0134 118.363 117.941 
284.8 0 57.0134 118.363 117.682 
284.9 0 57.0134 118.363 117.422 
285 0 57.0134 118.363 117.16 
285.1 0 57.0134 118.363 116.897 
285.2 0 57.0134 118.363 116.632 
285.3 0 57.0134 118.363 116.366 
285.4 0 57.0134 118.363 116.099 
285.5 0 57.0134 118.363 115.83 
285.6 0 57.0134 118.363 115.56 
285.7 0 57.0134 118.363 115.288 
285.8 0 57.0134 118.363 115.015 
285.9 0 57.0134 118.363 114.74 
286 0 57.0134 118.363 114.464 
286.1 0 57.0134 118.363 114.187 
286.2 0 57.0134 118.363 113.908 
286.3 0 57.0134 118.363 113.628 
286.4 0 57.0134 118.363 113.346 
286.5 0 57.0134 118.363 113.063 
286.6 0 57.0134 118.363 112.779 
286.7 0 57.0134 118.363 112.493 
286.8 0 57.0134 118.363 112.206 
286.9 0 57.0134 118.363 111.918 
287 0 57.0134 118.363 111.629 
287.1 0 57.0134 118.363 111.338 
287.2 0 57.0134 118.363 111.046 
287.3 0 57.0134 118.363 110.753 
287.4 0 57.0134 118.363 110.458 
287.5 0 57.0134 118.363 110.163 
287.6 0 57.0134 118.363 109.866 
287.7 0 57.0134 118.363 109.568 
287.8 0 57.0134 118.363 109.269 
287.9 0 57.0134 118.363 108.969 
288 0 57.0134 118.363 108.669 
288.1 0 57.0134 118.363 108.367 
288.2 0 57.0134 118.363 108.064 
288.3 0 57.0134 118.363 107.76 
288.4 0 57.0134 118.363 107.455 
288.5 0 57.0134 118.363 107.15 
288.6 0 57.0134 118.363 106.843 
288.7 0 57.0134 118.363 106.536 
288.8 0 57.0134 118.363 106.228 
288.9 0 57.0134 118.363 105.918 
289 0 57.0134 118.363 105.607 
289.1 0 57.0134 118.363 105.296 
289.2 0 57.0134 118.363 104.983 
289.3 0 57.0134 118.363 104.669 
289.4 0 57.0134 118.363 104.353 
289.5 0 57.0134 118.363 104.037 
289.6 0 57.0134 118.363 103.719 
289.7 0 57.0134 118.363 103.4 
289.8 0 57.0134 118.363 103.079 
289.9 0 57.0134 118.363 102.757 
290 0 57.0134 118.363 102.434 
290.1 0 57.0134 118.363 102.109 
290.2 0 57.0134 118.363 101.782 
290.3 0 57.0134 118.363 101.454 
290.4 0 57.0134 118.363 101.125 
290.5 0 57.0134 118.363 100.794 
290.6 0 57.0134 118.363 100.461 
290.7 0 57.0134 118.363 100.127 
290.8 0 57.0134 118.363 99.7906 
290.9 0 57.0134 118.363 99.4529 
291 0 57.0134 118.363 99.1134 
291.1 0 57.0134 118.363 98.7722 
291.2 0 57.0134 118.363 98.4291 
291.3 0 57.0134 118.363 98.0843 
291.4 0 57.0134 118.363 97.7376 
291.5 0 57.0134 118.363 97.3891 
291.6 0 57.0134 118.363 97.0387 
291.7 0 57.0134 118.363 96.6864 
291.8 0 57.0134 118.363 96.3322 
291.9 0 57.0134 118.363 95.9762 
292 0 57.0134 118.363 95.6183 
292.1 0 57.0134 118.363 95.2586 
292.2 0 57.0134 118.363 94.897 
292.3 0 57.0134 118.363 94.5336 
292.4 0 57.0134 118.363 94.1684 
292.5 0 57.0134 118.363 93.8014 
292.6 0 57.0134 118.363 93.4326 
292.7 0 57.0134 118.363 93.062 
292.8 0 57.0134 118.363 92.6897 
292.9 0 57.0134 118.363 92.3156 
293 0 57.0134 118.363 91.9399 
293.1 0 57.0134 118.363 91.5625 
293.2 0 57.0134 118.363 91.1834 
293.3 0 57.0134 118.363 90.8028 
293.4 0 57.0134 118.363 90.4205 
293.5 0 57.0134 118.363 90.0367 
293.6 0 57.0134 118.363 89.6513 
293.7 0 57.0134 118.363 89.2645 
293.8 0 57.0134 118.363 88.8762 
293.9 0 57.0134 118.363 88.4866 
294 0 57.0134 118.363 88.0955 
294.1 0 57.0134 118.363 87.7031 
294.2 0 57.0134 118.363 87.3095 
294.3 0 57.0134 118.363 86.9146 
294.4 0 57.0134 118.363 86.5185 
294.5 0 57.0134 118.363 86.1213 
294.6 0 57.0134 118.363 85.7229 
294.7 0 57.0134 118.363 85.3236 
294.8 0 57.0134 118.363 84.9232 
294.9 0 57.0134 118.363 84.5218 
295 0 57.0134 118.363 84.1193 
295.1 0 57.0134 118.363 83.7156 
295.2 0 57.0134 118.363 83.3108 
295.3 0 57.0134 118.363 82.9047 
295.4 0 57.0134 118.363 82.4974 
295.5 0 57.0134 118.363 82.0887 
295.6 0 57.0134 118.363 81.6786 
295.7 0 57.0134 118.363 81.2671 
295.8 0 57.0134 118.363 80.8541 
295.9 0 57.0134 118.363 80.4396 
296 0 57.0134 118.363 80.0235 
296.1 0 57.0134 118.363 79.6058 
296.2 0 57.0134 118.363 79.1864 
296.3 0 57.0134 118.363 78.7654 
296.4 0 57.0134 118.363 78.3425 
296.5 0 57.0134 118.363 77.9179 
296.6 0 57.0134 118.363 77.4914 
296.7 0 57.0134 118.363 77.063 
296.8 0 57.0134 118.363 76.6327 
296.9 0 57.0134 118.363 76.2005 
297 0 57.0134 118.363 75.7662 
297.1 0 57.0134 118.363 75.3298 
297.2 0 57.0134 118.363 74.8914 
297.3 0 57.0134 118.363 74.4508 
297.4 0 57.0134 118.363 74.008 
297.5 0 57.0134 118.363 73.563 
297.6 0 57.0134 118.363 73.1158 
297.7 0 57.0134 118.363 72.6663 
297.8 0 57.0134 118.363 72.2145 
297.9 0 57.0134 118.363 71.7603 
298 0 57.0134 118.363 71.3037 
298.1 0 57.0134 118.363 70.8448 
298.2 0 57.0134 118.363 70.3835 
298.3 0 57.0134 118.363 69.9198 
298.4 0 57.0134 118.363 69.4538 
298.5 0 57.0134 118.363 68.9854 
298.6 0 57.0134 118.363 68.5148 
298.7 0 57.0134 118.363 68.0419 
298.8 0 57.0134 118.363 67.5668 
298.9 0 57.0134 118.363 67.0894 
299 0 57.0134 118.363 66.6098 
299.1 0 57.0134 118.363 66.128 
299.2 0 57.0134 118.363 65.6442 
299.3 0 57.0134 118.363 65.1582 
299.4 0 57.0134 118.363 64.6701 
299.5 0 57.0134 118.363 64.1801 
299.6 0 57.0134 118.363 63.6881 
299.7 0 57.0134 118.363 63.1941 
299.8 0 57.0134 118.363 62.6982 
299.9 0 57.0134 118.363 62.2006 
300 0 57.0134 118.363 61.7011 
