timestamp Sensor_01 Sensor_02 Sensor_03 Sensor_04 Sensor_05 Cluster_05
0.0000000000 0.0000000000 0.0000000000 0.0000000000 0.0000000000 0.0000000000 0.0000000000
0.1000000000 0.2080369982 0.2080369982 0.2080369982 0.1890290773 0.1868599281 1.0000000000
0.2000000000 0.2055570427 0.2055570427 0.2055570427 0.1950986257 0.1882302461 1.0000000000
0.3000000000 0.2032971753 0.2032971753 0.2032971753 0.2009299717 0.1891785023 1.0000000000
0.4000000000 0.2023288939 0.2023288939 0.2023288939 0.2023288939 0.1906844245 1.0000000000
0.5000000000 0.2019735216 0.2019735216 0.2019735216 0.2019735216 0.1921059137 1.0000000000
0.6000000000 0.2017568128 0.2017568128 0.2017568128 0.2017568128 0.1929727489 1.0000000000
0.7000000000 0.2016826113 0.2016826113 0.2016826113 0.2016826113 0.1932695549 1.0000000000
0.8000000000 0.2017522495 0.2017522495 0.2017522495 0.2017522495 0.1929910020 1.0000000000
0.9000000000 0.2019644767 0.2019644767 0.2019644767 0.2019644767 0.1921420933 1.0000000000
1.0000000000 0.2023155264 0.2023155264 0.2023155264 0.2023155264 0.1907378943 1.0000000000
1.1000000000 0.2027993153 0.2027993153 0.2027993153 0.2027993153 0.1888027387 1.0000000000
1.2000000000 0.2034077506 0.2034077506 0.2034077506 0.2034077506 0.1863689976 1.0000000000
1.3000000000 0.2041311131 0.2041311131 0.2041311131 0.2041311131 0.1834755476 1.0000000000
1.4000000000 0.2049584791 0.2049584791 0.2049584791 0.2049584791 0.1801660837 1.0000000000
1.5000000000 0.2058781452 0.2058781452 0.2058781452 0.2058781452 0.1764874194 1.0000000000
1.6000000000 0.2070359686 0.2070359686 0.2062744435 0.2070359686 0.1726176506 1.0000000000
1.7000000000 0.2099167249 0.2099167249 0.2004439919 0.2099167249 0.1698058335 1.0000000000
1.8000000000 0.2130918857 0.2130918857 0.1938605198 0.2130918857 0.1668638231 1.0000000000
1.9000000000 0.2163166147 0.2163166147 0.1874149122 0.2163166147 0.1636352438 1.0000000000
2.0000000000 0.2195770929 0.2195770929 0.1811109060 0.2195770929 0.1601578153 1.0000000000
2.1000000000 0.2203121030 0.2235938754 0.1755208928 0.2235938754 0.1569792534 1.0000000000
2.2000000000 0.2156503782 0.2292271531 0.1712247632 0.2292271531 0.1546705525 1.0000000000
2.3000000000 0.2108850553 0.2345027873 0.1671335045 0.2351801039 0.1522985490 1.0000000000
2.4000000000 0.2079017691 0.2335073760 0.1644182937 0.2432068290 0.1509657322 1.0000000000
2.5000000000 0.2054118525 0.2307444038 0.1620617374 0.2520049062 0.1497771001 1.0000000000
2.6000000000 0.2029565957 0.2278390280 0.1597065225 0.2610742719 0.1484235819 1.0000000000
2.7000000000 0.2005242366 0.2248060366 0.1573489250 0.2704040648 0.1469167370 1.0000000000
2.8000000000 0.1985483739 0.2221542943 0.1553326827 0.2783714536 0.1455931954 1.0000000000
2.9000000000 0.1983656967 0.2213929820 0.1547015856 0.2800896617 0.1454500739 1.0000000000
3.0000000000 0.1984560217 0.2208300260 0.1542639192 0.2810647147 0.1453853185 1.0000000000
3.1000000000 0.1986670379 0.2203057191 0.1539020841 0.2818277221 0.1452974369 1.0000000000
3.2000000000 0.1989869802 0.2198161252 0.1536083745 0.2824016109 0.1451869093 1.0000000000
3.3000000000 0.1994055372 0.2193575788 0.1533760362 0.2828064929 0.1450543550 1.0000000000
3.4000000000 0.1999136627 0.2189267127 0.1531991513 0.2830599651 0.1449005082 1.0000000000
3.5000000000 0.2005034070 0.2185204607 0.1530725323 0.2831774061 0.1447261938 1.0000000000
3.6000000000 0.2011677690 0.2181360478 0.1529916267 0.2831722535 0.1445323029 1.0000000000
3.7000000000 0.2019005671 0.2177709713 0.1529524328 0.2830562572 0.1443197716 1.0000000000
3.8000000000 0.2026963270 0.2174229795 0.1529514259 0.2828397048 0.1440895629 1.0000000000
3.9000000000 0.2035501858 0.2170900484 0.1529854947 0.2825316204 0.1438426507 1.0000000000
4.0000000000 0.2044578095 0.2167703594 0.1530518856 0.2821399378 0.1435800078 1.0000000000
4.1000000000 0.2054153213 0.2164622776 0.1531481556 0.2816716498 0.1433025956 1.0000000000
4.2000000000 0.2064192415 0.2161643326 0.1532721309 0.2811329381 0.1430113569 1.0000000000
4.3000000000 0.2074664348 0.2158751998 0.1534218722 0.2805292836 0.1427072096 1.0000000000
4.4000000000 0.2085540656 0.2155936852 0.1535956442 0.2798655619 0.1423910431 1.0000000000
4.5000000000 0.2096795599 0.2153187105 0.1537918900 0.2791461247 0.1420637149 1.0000000000
4.6000000000 0.2108405715 0.2150493007 0.1540092084 0.2783748702 0.1417260491 1.0000000000
4.7000000000 0.2120349540 0.2147845729 0.1542463350 0.2775553025 0.1413788356 1.0000000000
4.8000000000 0.2132607356 0.2145237263 0.1545021256 0.2766905833 0.1410228292 1.0000000000
4.9000000000 0.2145160984 0.2142660337 0.1547755416 0.2757835761 0.1406587502 1.0000000000
5.0000000000 0.2157993591 0.2140108338 0.1550656381 0.2748368841 0.1402872849 1.0000000000
5.1000000000 0.2171089537 0.2137575245 0.1553715525 0.2738528831 0.1399090863 1.0000000000
5.2000000000 0.2184434228 0.2135055570 0.1556924957 0.2728337493 0.1395247752 1.0000000000
5.3000000000 0.2198013998 0.2132544308 0.1560277436 0.2717814843 0.1391349415 1.0000000000
5.4000000000 0.2211815999 0.2130036887 0.1563766303 0.2706979358 0.1387401451 1.0000000000
5.5000000000 0.2217293666 0.2119401084 0.1561387136 0.2685563863 0.1383508813 0.9967154561
5.6000000000 0.2143054893 0.2033069545 0.1503127839 0.2568313162 0.0000000000 0.8247565439
5.7000000000 0.2064537394 0.1943765252 0.1442345031 0.2447720566 0.0000000000 0.7898368243
5.8000000000 0.1989763236 0.1859111843 0.1384663435 0.2333454747 0.0000000000 0.7566993262
5.9000000000 0.1918544822 0.1778859978 0.1356814477 0.2225190325 0.0000000000 0.7279409603
6.0000000000 0.1850704459 0.1702773414 0.0000000000 0.2122616115 0.0000000000 0.5676093988
6.1000000000 0.1786073839 0.1630628421 0.0000000000 0.2025434959 0.0000000000 0.5442137219
6.2000000000 0.1724493546 0.1562213206 0.0000000000 0.1933363472 0.0000000000 0.5220070224
6.3000000000 0.1665812583 0.1497327348 0.0000000000 0.1846131727 0.0000000000 0.5009271659
6.4000000000 0.1609887936 0.1435781254 0.0000000000 0.1763482885 0.0000000000 0.4809152075
6.5000000000 0.1556584146 0.1382093064 0.0000000000 0.1685172792 0.0000000000 0.4623850001
6.6000000000 0.1505772912 0.0000000000 0.0000000000 0.1610969548 0.0000000000 0.3116742460
6.7000000000 0.1457332715 0.0000000000 0.0000000000 0.1540653060 0.0000000000 0.2997985775
6.8000000000 0.1411148458 0.0000000000 0.0000000000 0.1474014581 0.0000000000 0.2885163038
6.9000000000 0.1370680672 0.0000000000 0.0000000000 0.1410856244 0.0000000000 0.2781536916
7.0000000000 0.0000000000 0.0000000000 0.0000000000 0.1380389746 0.0000000000 0.1380389746
