Node name = Cluster
ine = 
  Attribute "description" = Example Cluster
  Node name = Sensor
  ne = 
    Attribute "tag" = Sensor one
    Node name = Position
    e = 
      Attribute "x" = 0.0
      Attribute "y" = 0.0
    Node name = Rate
     = 
      Attribute "max_rate" = 50.0
    Node name = Accumulator
    = 
      Attribute "data" = 100.0
  Node name = Sensor
  
    Attribute "tag" = Sensor two
    Node name = Position
      Attribute 
      Attribute "x" = 10.0
      Attribute "y" = 10.0
    Node name = Rate
     Attribute 
      Attribute "max_rate" = 50.0
    Node name = Accumulator
    Attribute 
      Attribute "data" = 200.0
